[2025-04-10T23:44:26.736+0000] {local_task_job_runner.py:123} INFO - ::group::Pre task execution logs
[2025-04-10T23:44:26.755+0000] {taskinstance.py:2614} INFO - Dependencies all met for dep_context=non-requeueable deps ti=<TaskInstance: dependencias.t1_python scheduled__2023-07-01T00:00:00+00:00 [queued]>
[2025-04-10T23:44:26.764+0000] {taskinstance.py:2614} INFO - Dependencies all met for dep_context=requeueable deps ti=<TaskInstance: dependencias.t1_python scheduled__2023-07-01T00:00:00+00:00 [queued]>
[2025-04-10T23:44:26.766+0000] {taskinstance.py:2867} INFO - Starting attempt 1 of 1
[2025-04-10T23:44:26.780+0000] {taskinstance.py:2890} INFO - Executing <Task(PythonOperator): t1_python> on 2023-07-01 00:00:00+00:00
[2025-04-10T23:44:26.787+0000] {warnings.py:112} WARNING - /home/***/.local/lib/python3.12/site-packages/***/task/task_runner/standard_task_runner.py:70: DeprecationWarning: This process (pid=1937) is multi-threaded, use of fork() may lead to deadlocks in the child.
  pid = os.fork()

[2025-04-10T23:44:26.790+0000] {standard_task_runner.py:72} INFO - Started process 1938 to run task
[2025-04-10T23:44:26.790+0000] {standard_task_runner.py:104} INFO - Running: ['***', 'tasks', 'run', 'dependencias', 't1_python', 'scheduled__2023-07-01T00:00:00+00:00', '--job-id', '8', '--raw', '--subdir', 'DAGS_FOLDER/3-dependencias.py', '--cfg-path', '/tmp/tmpen9sotnu']
[2025-04-10T23:44:26.792+0000] {standard_task_runner.py:105} INFO - Job 8: Subtask t1_python
[2025-04-10T23:44:26.845+0000] {task_command.py:467} INFO - Running <TaskInstance: dependencias.t1_python scheduled__2023-07-01T00:00:00+00:00 [running]> on host 241bfdac645b
[2025-04-10T23:44:26.921+0000] {taskinstance.py:3134} INFO - Exporting env vars: AIRFLOW_CTX_DAG_OWNER='***' AIRFLOW_CTX_DAG_ID='dependencias' AIRFLOW_CTX_TASK_ID='t1_python' AIRFLOW_CTX_EXECUTION_DATE='2023-07-01T00:00:00+00:00' AIRFLOW_CTX_TRY_NUMBER='1' AIRFLOW_CTX_DAG_RUN_ID='scheduled__2023-07-01T00:00:00+00:00'
[2025-04-10T23:44:26.923+0000] {taskinstance.py:732} INFO - ::endgroup::
[2025-04-10T23:44:26.938+0000] {logging_mixin.py:190} INFO - Hello with python
[2025-04-10T23:44:26.940+0000] {python.py:240} INFO - Done. Returned value was: None
[2025-04-10T23:44:26.950+0000] {taskinstance.py:341} INFO - ::group::Post task execution logs
[2025-04-10T23:44:26.951+0000] {taskinstance.py:353} INFO - Marking task as SUCCESS. dag_id=dependencias, task_id=t1_python, run_id=scheduled__2023-07-01T00:00:00+00:00, execution_date=20230701T000000, start_date=20250410T234426, end_date=20250410T234426
[2025-04-10T23:44:27.009+0000] {local_task_job_runner.py:266} INFO - Task exited with return code 0
[2025-04-10T23:44:27.047+0000] {taskinstance.py:3901} INFO - 2 downstream tasks scheduled from follow-on schedule check
[2025-04-10T23:44:27.049+0000] {local_task_job_runner.py:245} INFO - ::endgroup::
