[2025-04-11T01:53:41.645+0000] {local_task_job_runner.py:123} INFO - ::group::Pre task execution logs
[2025-04-11T01:53:41.673+0000] {taskinstance.py:2614} INFO - Dependencies all met for dep_context=non-requeueable deps ti=<TaskInstance: primera_orquestacion.task5 scheduled__2024-01-01T00:00:00+00:00 [queued]>
[2025-04-11T01:53:41.695+0000] {taskinstance.py:2614} INFO - Dependencies all met for dep_context=requeueable deps ti=<TaskInstance: primera_orquestacion.task5 scheduled__2024-01-01T00:00:00+00:00 [queued]>
[2025-04-11T01:53:41.696+0000] {taskinstance.py:2867} INFO - Starting attempt 1 of 1
[2025-04-11T01:53:41.709+0000] {taskinstance.py:2890} INFO - Executing <Task(BashOperator): task5> on 2024-01-01 00:00:00+00:00
[2025-04-11T01:53:41.716+0000] {warnings.py:112} WARNING - /home/***/.local/lib/python3.12/site-packages/***/task/task_runner/standard_task_runner.py:70: DeprecationWarning: This process (pid=3070) is multi-threaded, use of fork() may lead to deadlocks in the child.
  pid = os.fork()

[2025-04-11T01:53:41.719+0000] {standard_task_runner.py:72} INFO - Started process 3087 to run task
[2025-04-11T01:53:41.719+0000] {standard_task_runner.py:104} INFO - Running: ['***', 'tasks', 'run', 'primera_orquestacion', 'task5', 'scheduled__2024-01-01T00:00:00+00:00', '--job-id', '31', '--raw', '--subdir', 'DAGS_FOLDER/5.1-primeraorquestacion.py', '--cfg-path', '/tmp/tmpsu5omwdz']
[2025-04-11T01:53:41.721+0000] {standard_task_runner.py:105} INFO - Job 31: Subtask task5
[2025-04-11T01:53:41.777+0000] {task_command.py:467} INFO - Running <TaskInstance: primera_orquestacion.task5 scheduled__2024-01-01T00:00:00+00:00 [running]> on host 241bfdac645b
[2025-04-11T01:53:41.859+0000] {taskinstance.py:3134} INFO - Exporting env vars: AIRFLOW_CTX_DAG_OWNER='***' AIRFLOW_CTX_DAG_ID='primera_orquestacion' AIRFLOW_CTX_TASK_ID='task5' AIRFLOW_CTX_EXECUTION_DATE='2024-01-01T00:00:00+00:00' AIRFLOW_CTX_TRY_NUMBER='1' AIRFLOW_CTX_DAG_RUN_ID='scheduled__2024-01-01T00:00:00+00:00'
[2025-04-11T01:53:41.861+0000] {taskinstance.py:732} INFO - ::endgroup::
[2025-04-11T01:53:41.875+0000] {subprocess.py:78} INFO - Tmp dir root location: /tmp
[2025-04-11T01:53:41.877+0000] {subprocess.py:88} INFO - Running command: ['/usr/bin/bash', '-c', 'sleep 2 && echo "Holiwis"']
[2025-04-11T01:53:41.887+0000] {subprocess.py:99} INFO - Output:
[2025-04-11T01:53:43.890+0000] {subprocess.py:106} INFO - Holiwis
[2025-04-11T01:53:43.891+0000] {subprocess.py:110} INFO - Command exited with return code 0
[2025-04-11T01:53:43.943+0000] {taskinstance.py:341} INFO - ::group::Post task execution logs
[2025-04-11T01:53:43.944+0000] {taskinstance.py:353} INFO - Marking task as SUCCESS. dag_id=primera_orquestacion, task_id=task5, run_id=scheduled__2024-01-01T00:00:00+00:00, execution_date=20240101T000000, start_date=20250411T015341, end_date=20250411T015343
[2025-04-11T01:53:43.987+0000] {local_task_job_runner.py:266} INFO - Task exited with return code 0
[2025-04-11T01:53:44.002+0000] {taskinstance.py:3901} INFO - 0 downstream tasks scheduled from follow-on schedule check
[2025-04-11T01:53:44.005+0000] {local_task_job_runner.py:245} INFO - ::endgroup::
