[2025-04-11T01:53:52.932+0000] {local_task_job_runner.py:123} INFO - ::group::Pre task execution logs
[2025-04-11T01:53:52.959+0000] {taskinstance.py:2614} INFO - Dependencies all met for dep_context=non-requeueable deps ti=<TaskInstance: primera_orquestacion.task3 scheduled__2024-01-06T00:00:00+00:00 [queued]>
[2025-04-11T01:53:52.973+0000] {taskinstance.py:2614} INFO - Dependencies all met for dep_context=requeueable deps ti=<TaskInstance: primera_orquestacion.task3 scheduled__2024-01-06T00:00:00+00:00 [queued]>
[2025-04-11T01:53:52.974+0000] {taskinstance.py:2867} INFO - Starting attempt 1 of 1
[2025-04-11T01:53:52.988+0000] {taskinstance.py:2890} INFO - Executing <Task(BashOperator): task3> on 2024-01-06 00:00:00+00:00
[2025-04-11T01:53:52.996+0000] {warnings.py:112} WARNING - /home/***/.local/lib/python3.12/site-packages/***/task/task_runner/standard_task_runner.py:70: DeprecationWarning: This process (pid=3143) is multi-threaded, use of fork() may lead to deadlocks in the child.
  pid = os.fork()

[2025-04-11T01:53:52.998+0000] {standard_task_runner.py:72} INFO - Started process 3149 to run task
[2025-04-11T01:53:52.998+0000] {standard_task_runner.py:104} INFO - Running: ['***', 'tasks', 'run', 'primera_orquestacion', 'task3', 'scheduled__2024-01-06T00:00:00+00:00', '--job-id', '43', '--raw', '--subdir', 'DAGS_FOLDER/5.1-primeraorquestacion.py', '--cfg-path', '/tmp/tmpbjoeqc6a']
[2025-04-11T01:53:53.000+0000] {standard_task_runner.py:105} INFO - Job 43: Subtask task3
[2025-04-11T01:53:53.048+0000] {task_command.py:467} INFO - Running <TaskInstance: primera_orquestacion.task3 scheduled__2024-01-06T00:00:00+00:00 [running]> on host 241bfdac645b
[2025-04-11T01:53:53.127+0000] {taskinstance.py:3134} INFO - Exporting env vars: AIRFLOW_CTX_DAG_OWNER='***' AIRFLOW_CTX_DAG_ID='primera_orquestacion' AIRFLOW_CTX_TASK_ID='task3' AIRFLOW_CTX_EXECUTION_DATE='2024-01-06T00:00:00+00:00' AIRFLOW_CTX_TRY_NUMBER='1' AIRFLOW_CTX_DAG_RUN_ID='scheduled__2024-01-06T00:00:00+00:00'
[2025-04-11T01:53:53.128+0000] {taskinstance.py:732} INFO - ::endgroup::
[2025-04-11T01:53:53.142+0000] {subprocess.py:78} INFO - Tmp dir root location: /tmp
[2025-04-11T01:53:53.143+0000] {subprocess.py:88} INFO - Running command: ['/usr/bin/bash', '-c', 'sleep 2 && echo "Holiwis"']
[2025-04-11T01:53:53.153+0000] {subprocess.py:99} INFO - Output:
[2025-04-11T01:53:55.156+0000] {subprocess.py:106} INFO - Holiwis
[2025-04-11T01:53:55.158+0000] {subprocess.py:110} INFO - Command exited with return code 0
[2025-04-11T01:53:55.216+0000] {taskinstance.py:341} INFO - ::group::Post task execution logs
[2025-04-11T01:53:55.217+0000] {taskinstance.py:353} INFO - Marking task as SUCCESS. dag_id=primera_orquestacion, task_id=task3, run_id=scheduled__2024-01-06T00:00:00+00:00, execution_date=20240106T000000, start_date=20250411T015352, end_date=20250411T015355
[2025-04-11T01:53:55.269+0000] {local_task_job_runner.py:266} INFO - Task exited with return code 0
[2025-04-11T01:53:55.279+0000] {local_task_job_runner.py:245} INFO - ::endgroup::
