[2025-04-10T22:25:25.316+0000] {local_task_job_runner.py:123} INFO - ::group::Pre task execution logs
[2025-04-10T22:25:25.333+0000] {taskinstance.py:2614} INFO - Dependencies all met for dep_context=non-requeueable deps ti=<TaskInstance: pythonoperator.process_uy scheduled__2023-06-07T00:00:00+00:00 [queued]>
[2025-04-10T22:25:25.343+0000] {taskinstance.py:2614} INFO - Dependencies all met for dep_context=requeueable deps ti=<TaskInstance: pythonoperator.process_uy scheduled__2023-06-07T00:00:00+00:00 [queued]>
[2025-04-10T22:25:25.344+0000] {taskinstance.py:2867} INFO - Starting attempt 1 of 1
[2025-04-10T22:25:25.354+0000] {taskinstance.py:2890} INFO - Executing <Task(PythonOperator): process_uy> on 2023-06-07 00:00:00+00:00
[2025-04-10T22:25:25.360+0000] {warnings.py:112} WARNING - /home/***/.local/lib/python3.12/site-packages/***/task/task_runner/standard_task_runner.py:70: DeprecationWarning: This process (pid=1134) is multi-threaded, use of fork() may lead to deadlocks in the child.
  pid = os.fork()

[2025-04-10T22:25:25.362+0000] {standard_task_runner.py:104} INFO - Running: ['***', 'tasks', 'run', 'pythonoperator', 'process_uy', 'scheduled__2023-06-07T00:00:00+00:00', '--job-id', '7', '--raw', '--subdir', 'DAGS_FOLDER/2-pythonoperator.py', '--cfg-path', '/tmp/tmpf02pvq9m']
[2025-04-10T22:25:25.363+0000] {standard_task_runner.py:72} INFO - Started process 1135 to run task
[2025-04-10T22:25:25.364+0000] {standard_task_runner.py:105} INFO - Job 7: Subtask process_uy
[2025-04-10T22:25:25.422+0000] {task_command.py:467} INFO - Running <TaskInstance: pythonoperator.process_uy scheduled__2023-06-07T00:00:00+00:00 [running]> on host 241bfdac645b
[2025-04-10T22:25:25.482+0000] {taskinstance.py:3134} INFO - Exporting env vars: AIRFLOW_CTX_DAG_OWNER='***' AIRFLOW_CTX_DAG_ID='pythonoperator' AIRFLOW_CTX_TASK_ID='process_uy' AIRFLOW_CTX_EXECUTION_DATE='2023-06-07T00:00:00+00:00' AIRFLOW_CTX_TRY_NUMBER='1' AIRFLOW_CTX_DAG_RUN_ID='scheduled__2023-06-07T00:00:00+00:00'
[2025-04-10T22:25:25.484+0000] {taskinstance.py:732} INFO - ::endgroup::
[2025-04-10T22:25:25.494+0000] {logging_mixin.py:190} INFO - I am processing this UY
[2025-04-10T22:25:25.495+0000] {python.py:240} INFO - Done. Returned value was: None
[2025-04-10T22:25:25.504+0000] {taskinstance.py:341} INFO - ::group::Post task execution logs
[2025-04-10T22:25:25.505+0000] {taskinstance.py:353} INFO - Marking task as SUCCESS. dag_id=pythonoperator, task_id=process_uy, run_id=scheduled__2023-06-07T00:00:00+00:00, execution_date=20230607T000000, start_date=20250410T222525, end_date=20250410T222525
[2025-04-10T22:25:25.541+0000] {local_task_job_runner.py:266} INFO - Task exited with return code 0
[2025-04-10T22:25:25.552+0000] {taskinstance.py:3901} INFO - 0 downstream tasks scheduled from follow-on schedule check
[2025-04-10T22:25:25.554+0000] {local_task_job_runner.py:245} INFO - ::endgroup::
