[2025-04-10T23:44:28.352+0000] {local_task_job_runner.py:123} INFO - ::group::Pre task execution logs
[2025-04-10T23:44:28.375+0000] {taskinstance.py:2614} INFO - Dependencies all met for dep_context=non-requeueable deps ti=<TaskInstance: dependencias.t2_bash scheduled__2023-07-01T00:00:00+00:00 [queued]>
[2025-04-10T23:44:28.384+0000] {taskinstance.py:2614} INFO - Dependencies all met for dep_context=requeueable deps ti=<TaskInstance: dependencias.t2_bash scheduled__2023-07-01T00:00:00+00:00 [queued]>
[2025-04-10T23:44:28.386+0000] {taskinstance.py:2867} INFO - Starting attempt 1 of 1
[2025-04-10T23:44:28.398+0000] {taskinstance.py:2890} INFO - Executing <Task(BashOperator): t2_bash> on 2023-07-01 00:00:00+00:00
[2025-04-10T23:44:28.410+0000] {warnings.py:112} WARNING - /home/***/.local/lib/python3.12/site-packages/***/task/task_runner/standard_task_runner.py:70: DeprecationWarning: This process (pid=1940) is multi-threaded, use of fork() may lead to deadlocks in the child.
  pid = os.fork()

[2025-04-10T23:44:28.413+0000] {standard_task_runner.py:72} INFO - Started process 1942 to run task
[2025-04-10T23:44:28.414+0000] {standard_task_runner.py:104} INFO - Running: ['***', 'tasks', 'run', 'dependencias', 't2_bash', 'scheduled__2023-07-01T00:00:00+00:00', '--job-id', '9', '--raw', '--subdir', 'DAGS_FOLDER/3-dependencias.py', '--cfg-path', '/tmp/tmpq3kyhnut']
[2025-04-10T23:44:28.417+0000] {standard_task_runner.py:105} INFO - Job 9: Subtask t2_bash
[2025-04-10T23:44:28.463+0000] {task_command.py:467} INFO - Running <TaskInstance: dependencias.t2_bash scheduled__2023-07-01T00:00:00+00:00 [running]> on host 241bfdac645b
[2025-04-10T23:44:28.533+0000] {taskinstance.py:3134} INFO - Exporting env vars: AIRFLOW_CTX_DAG_OWNER='***' AIRFLOW_CTX_DAG_ID='dependencias' AIRFLOW_CTX_TASK_ID='t2_bash' AIRFLOW_CTX_EXECUTION_DATE='2023-07-01T00:00:00+00:00' AIRFLOW_CTX_TRY_NUMBER='1' AIRFLOW_CTX_DAG_RUN_ID='scheduled__2023-07-01T00:00:00+00:00'
[2025-04-10T23:44:28.535+0000] {taskinstance.py:732} INFO - ::endgroup::
[2025-04-10T23:44:28.549+0000] {subprocess.py:78} INFO - Tmp dir root location: /tmp
[2025-04-10T23:44:28.552+0000] {subprocess.py:88} INFO - Running command: ['/usr/bin/bash', '-c', 'echo "Tarea 2"']
[2025-04-10T23:44:28.565+0000] {subprocess.py:99} INFO - Output:
[2025-04-10T23:44:28.570+0000] {subprocess.py:106} INFO - Tarea 2
[2025-04-10T23:44:28.571+0000] {subprocess.py:110} INFO - Command exited with return code 0
[2025-04-10T23:44:28.596+0000] {taskinstance.py:341} INFO - ::group::Post task execution logs
[2025-04-10T23:44:28.597+0000] {taskinstance.py:353} INFO - Marking task as SUCCESS. dag_id=dependencias, task_id=t2_bash, run_id=scheduled__2023-07-01T00:00:00+00:00, execution_date=20230701T000000, start_date=20250410T234428, end_date=20250410T234428
[2025-04-10T23:44:28.630+0000] {local_task_job_runner.py:266} INFO - Task exited with return code 0
[2025-04-10T23:44:28.650+0000] {taskinstance.py:3901} INFO - 0 downstream tasks scheduled from follow-on schedule check
[2025-04-10T23:44:28.653+0000] {local_task_job_runner.py:245} INFO - ::endgroup::
