[2025-04-10T23:45:04.521+0000] {local_task_job_runner.py:123} INFO - ::group::Pre task execution logs
[2025-04-10T23:45:04.536+0000] {taskinstance.py:2614} INFO - Dependencies all met for dep_context=non-requeueable deps ti=<TaskInstance: dependencias.t1_python manual__2025-04-10T23:45:03.528313+00:00 [queued]>
[2025-04-10T23:45:04.545+0000] {taskinstance.py:2614} INFO - Dependencies all met for dep_context=requeueable deps ti=<TaskInstance: dependencias.t1_python manual__2025-04-10T23:45:03.528313+00:00 [queued]>
[2025-04-10T23:45:04.547+0000] {taskinstance.py:2867} INFO - Starting attempt 1 of 1
[2025-04-10T23:45:04.561+0000] {taskinstance.py:2890} INFO - Executing <Task(PythonOperator): t1_python> on 2025-04-10 23:45:03.528313+00:00
[2025-04-10T23:45:04.568+0000] {warnings.py:112} WARNING - /home/***/.local/lib/python3.12/site-packages/***/task/task_runner/standard_task_runner.py:70: DeprecationWarning: This process (pid=1959) is multi-threaded, use of fork() may lead to deadlocks in the child.
  pid = os.fork()

[2025-04-10T23:45:04.570+0000] {standard_task_runner.py:104} INFO - Running: ['***', 'tasks', 'run', 'dependencias', 't1_python', 'manual__2025-04-10T23:45:03.528313+00:00', '--job-id', '12', '--raw', '--subdir', 'DAGS_FOLDER/3-dependencias.py', '--cfg-path', '/tmp/tmpyj_nf9rb']
[2025-04-10T23:45:04.571+0000] {standard_task_runner.py:72} INFO - Started process 1960 to run task
[2025-04-10T23:45:04.571+0000] {standard_task_runner.py:105} INFO - Job 12: Subtask t1_python
[2025-04-10T23:45:04.615+0000] {task_command.py:467} INFO - Running <TaskInstance: dependencias.t1_python manual__2025-04-10T23:45:03.528313+00:00 [running]> on host 241bfdac645b
[2025-04-10T23:45:04.693+0000] {taskinstance.py:3134} INFO - Exporting env vars: AIRFLOW_CTX_DAG_OWNER='***' AIRFLOW_CTX_DAG_ID='dependencias' AIRFLOW_CTX_TASK_ID='t1_python' AIRFLOW_CTX_EXECUTION_DATE='2025-04-10T23:45:03.528313+00:00' AIRFLOW_CTX_TRY_NUMBER='1' AIRFLOW_CTX_DAG_RUN_ID='manual__2025-04-10T23:45:03.528313+00:00'
[2025-04-10T23:45:04.694+0000] {taskinstance.py:732} INFO - ::endgroup::
[2025-04-10T23:45:04.706+0000] {logging_mixin.py:190} INFO - Hello with python
[2025-04-10T23:45:04.708+0000] {python.py:240} INFO - Done. Returned value was: None
[2025-04-10T23:45:04.719+0000] {taskinstance.py:341} INFO - ::group::Post task execution logs
[2025-04-10T23:45:04.720+0000] {taskinstance.py:353} INFO - Marking task as SUCCESS. dag_id=dependencias, task_id=t1_python, run_id=manual__2025-04-10T23:45:03.528313+00:00, execution_date=20250410T234503, start_date=20250410T234504, end_date=20250410T234504
[2025-04-10T23:45:04.789+0000] {local_task_job_runner.py:266} INFO - Task exited with return code 0
[2025-04-10T23:45:04.832+0000] {taskinstance.py:3901} INFO - 2 downstream tasks scheduled from follow-on schedule check
[2025-04-10T23:45:04.836+0000] {local_task_job_runner.py:245} INFO - ::endgroup::
