[2025-04-10T22:25:24.704+0000] {local_task_job_runner.py:123} INFO - ::group::Pre task execution logs
[2025-04-10T22:25:24.720+0000] {taskinstance.py:2614} INFO - Dependencies all met for dep_context=non-requeueable deps ti=<TaskInstance: pythonoperator.process_ar scheduled__2023-06-07T00:00:00+00:00 [queued]>
[2025-04-10T22:25:24.728+0000] {taskinstance.py:2614} INFO - Dependencies all met for dep_context=requeueable deps ti=<TaskInstance: pythonoperator.process_ar scheduled__2023-06-07T00:00:00+00:00 [queued]>
[2025-04-10T22:25:24.729+0000] {taskinstance.py:2867} INFO - Starting attempt 1 of 1
[2025-04-10T22:25:24.742+0000] {taskinstance.py:2890} INFO - Executing <Task(PythonOperator): process_ar> on 2023-06-07 00:00:00+00:00
[2025-04-10T22:25:24.748+0000] {warnings.py:112} WARNING - /home/***/.local/lib/python3.12/site-packages/***/task/task_runner/standard_task_runner.py:70: DeprecationWarning: This process (pid=1131) is multi-threaded, use of fork() may lead to deadlocks in the child.
  pid = os.fork()

[2025-04-10T22:25:24.749+0000] {standard_task_runner.py:104} INFO - Running: ['***', 'tasks', 'run', 'pythonoperator', 'process_ar', 'scheduled__2023-06-07T00:00:00+00:00', '--job-id', '6', '--raw', '--subdir', 'DAGS_FOLDER/2-pythonoperator.py', '--cfg-path', '/tmp/tmpb4eqdg6u']
[2025-04-10T22:25:24.750+0000] {standard_task_runner.py:72} INFO - Started process 1132 to run task
[2025-04-10T22:25:24.750+0000] {standard_task_runner.py:105} INFO - Job 6: Subtask process_ar
[2025-04-10T22:25:24.785+0000] {task_command.py:467} INFO - Running <TaskInstance: pythonoperator.process_ar scheduled__2023-06-07T00:00:00+00:00 [running]> on host 241bfdac645b
[2025-04-10T22:25:24.844+0000] {taskinstance.py:3134} INFO - Exporting env vars: AIRFLOW_CTX_DAG_OWNER='***' AIRFLOW_CTX_DAG_ID='pythonoperator' AIRFLOW_CTX_TASK_ID='process_ar' AIRFLOW_CTX_EXECUTION_DATE='2023-06-07T00:00:00+00:00' AIRFLOW_CTX_TRY_NUMBER='1' AIRFLOW_CTX_DAG_RUN_ID='scheduled__2023-06-07T00:00:00+00:00'
[2025-04-10T22:25:24.845+0000] {taskinstance.py:732} INFO - ::endgroup::
[2025-04-10T22:25:24.856+0000] {logging_mixin.py:190} INFO - I am processing this AR
[2025-04-10T22:25:24.857+0000] {python.py:240} INFO - Done. Returned value was: None
[2025-04-10T22:25:24.865+0000] {taskinstance.py:341} INFO - ::group::Post task execution logs
[2025-04-10T22:25:24.865+0000] {taskinstance.py:353} INFO - Marking task as SUCCESS. dag_id=pythonoperator, task_id=process_ar, run_id=scheduled__2023-06-07T00:00:00+00:00, execution_date=20230607T000000, start_date=20250410T222524, end_date=20250410T222524
[2025-04-10T22:25:24.925+0000] {local_task_job_runner.py:266} INFO - Task exited with return code 0
[2025-04-10T22:25:24.951+0000] {taskinstance.py:3901} INFO - 1 downstream tasks scheduled from follow-on schedule check
[2025-04-10T22:25:24.954+0000] {local_task_job_runner.py:245} INFO - ::endgroup::
