[2025-04-11T01:53:56.304+0000] {local_task_job_runner.py:123} INFO - ::group::Pre task execution logs
[2025-04-11T01:53:56.329+0000] {taskinstance.py:2614} INFO - Dependencies all met for dep_context=non-requeueable deps ti=<TaskInstance: primera_orquestacion.task1 scheduled__2024-01-08T00:00:00+00:00 [queued]>
[2025-04-11T01:53:56.342+0000] {taskinstance.py:2614} INFO - Dependencies all met for dep_context=requeueable deps ti=<TaskInstance: primera_orquestacion.task1 scheduled__2024-01-08T00:00:00+00:00 [queued]>
[2025-04-11T01:53:56.343+0000] {taskinstance.py:2867} INFO - Starting attempt 1 of 1
[2025-04-11T01:53:56.358+0000] {taskinstance.py:2890} INFO - Executing <Task(BashOperator): task1> on 2024-01-08 00:00:00+00:00
[2025-04-11T01:53:56.365+0000] {warnings.py:112} WARNING - /home/***/.local/lib/python3.12/site-packages/***/task/task_runner/standard_task_runner.py:70: DeprecationWarning: This process (pid=3173) is multi-threaded, use of fork() may lead to deadlocks in the child.
  pid = os.fork()

[2025-04-11T01:53:56.368+0000] {standard_task_runner.py:72} INFO - Started process 3180 to run task
[2025-04-11T01:53:56.368+0000] {standard_task_runner.py:104} INFO - Running: ['***', 'tasks', 'run', 'primera_orquestacion', 'task1', 'scheduled__2024-01-08T00:00:00+00:00', '--job-id', '50', '--raw', '--subdir', 'DAGS_FOLDER/5.1-primeraorquestacion.py', '--cfg-path', '/tmp/tmp23vkxe5k']
[2025-04-11T01:53:56.370+0000] {standard_task_runner.py:105} INFO - Job 50: Subtask task1
[2025-04-11T01:53:56.582+0000] {task_command.py:467} INFO - Running <TaskInstance: primera_orquestacion.task1 scheduled__2024-01-08T00:00:00+00:00 [running]> on host 241bfdac645b
[2025-04-11T01:53:56.670+0000] {taskinstance.py:3134} INFO - Exporting env vars: AIRFLOW_CTX_DAG_OWNER='***' AIRFLOW_CTX_DAG_ID='primera_orquestacion' AIRFLOW_CTX_TASK_ID='task1' AIRFLOW_CTX_EXECUTION_DATE='2024-01-08T00:00:00+00:00' AIRFLOW_CTX_TRY_NUMBER='1' AIRFLOW_CTX_DAG_RUN_ID='scheduled__2024-01-08T00:00:00+00:00'
[2025-04-11T01:53:56.671+0000] {taskinstance.py:732} INFO - ::endgroup::
[2025-04-11T01:53:56.686+0000] {subprocess.py:78} INFO - Tmp dir root location: /tmp
[2025-04-11T01:53:56.688+0000] {subprocess.py:88} INFO - Running command: ['/usr/bin/bash', '-c', 'sleep 2 && echo "Holiwis"']
[2025-04-11T01:53:56.699+0000] {subprocess.py:99} INFO - Output:
[2025-04-11T01:53:58.704+0000] {subprocess.py:106} INFO - Holiwis
[2025-04-11T01:53:58.706+0000] {subprocess.py:110} INFO - Command exited with return code 0
[2025-04-11T01:53:58.774+0000] {taskinstance.py:341} INFO - ::group::Post task execution logs
[2025-04-11T01:53:58.777+0000] {taskinstance.py:353} INFO - Marking task as SUCCESS. dag_id=primera_orquestacion, task_id=task1, run_id=scheduled__2024-01-08T00:00:00+00:00, execution_date=20240108T000000, start_date=20250411T015356, end_date=20250411T015358
[2025-04-11T01:53:58.867+0000] {local_task_job_runner.py:266} INFO - Task exited with return code 0
[2025-04-11T01:53:58.932+0000] {taskinstance.py:3901} INFO - 2 downstream tasks scheduled from follow-on schedule check
[2025-04-11T01:53:58.935+0000] {local_task_job_runner.py:245} INFO - ::endgroup::
