[2025-04-10T23:03:56.462+0000] {processor.py:186} INFO - Started process (PID=1984) to work on /opt/airflow/dags/3-dependencias.py
[2025-04-10T23:03:56.463+0000] {processor.py:914} INFO - Processing file /opt/airflow/dags/3-dependencias.py for tasks to queue
[2025-04-10T23:03:56.464+0000] {logging_mixin.py:190} INFO - [2025-04-10T23:03:56.464+0000] {dagbag.py:588} INFO - Filling up the DagBag from /opt/airflow/dags/3-dependencias.py
[2025-04-10T23:03:56.514+0000] {processor.py:925} INFO - DAG(s) 'dependencias' retrieved from /opt/airflow/dags/3-dependencias.py
[2025-04-10T23:03:56.718+0000] {logging_mixin.py:190} INFO - [2025-04-10T23:03:56.717+0000] {override.py:1912} INFO - Created Permission View: can delete on DAG:dependencias
[2025-04-10T23:03:56.733+0000] {logging_mixin.py:190} INFO - [2025-04-10T23:03:56.732+0000] {override.py:1912} INFO - Created Permission View: can read on DAG:dependencias
[2025-04-10T23:03:56.743+0000] {logging_mixin.py:190} INFO - [2025-04-10T23:03:56.743+0000] {override.py:1912} INFO - Created Permission View: can edit on DAG:dependencias
[2025-04-10T23:03:56.753+0000] {logging_mixin.py:190} INFO - [2025-04-10T23:03:56.753+0000] {override.py:1912} INFO - Created Permission View: menu access on DAG Run:dependencias
[2025-04-10T23:03:56.778+0000] {logging_mixin.py:190} INFO - [2025-04-10T23:03:56.778+0000] {override.py:1912} INFO - Created Permission View: can create on DAG Run:dependencias
[2025-04-10T23:03:56.789+0000] {logging_mixin.py:190} INFO - [2025-04-10T23:03:56.789+0000] {override.py:1912} INFO - Created Permission View: can delete on DAG Run:dependencias
[2025-04-10T23:03:56.807+0000] {logging_mixin.py:190} INFO - [2025-04-10T23:03:56.807+0000] {override.py:1912} INFO - Created Permission View: can read on DAG Run:dependencias
[2025-04-10T23:03:56.816+0000] {logging_mixin.py:190} INFO - [2025-04-10T23:03:56.815+0000] {dag.py:3239} INFO - Sync 1 DAGs
[2025-04-10T23:03:56.845+0000] {logging_mixin.py:190} INFO - [2025-04-10T23:03:56.845+0000] {dag.py:3262} INFO - Creating ORM DAG for dependencias
[2025-04-10T23:03:56.853+0000] {logging_mixin.py:190} INFO - [2025-04-10T23:03:56.853+0000] {dag.py:4180} INFO - Setting next_dagrun for dependencias to 2023-07-01 00:00:00+00:00, run_after=2023-07-01 00:00:00+00:00
[2025-04-10T23:03:56.949+0000] {processor.py:208} INFO - Processing /opt/airflow/dags/3-dependencias.py took 0.493 seconds
[2025-04-10T23:04:27.804+0000] {processor.py:186} INFO - Started process (PID=1994) to work on /opt/airflow/dags/3-dependencias.py
[2025-04-10T23:04:27.804+0000] {processor.py:914} INFO - Processing file /opt/airflow/dags/3-dependencias.py for tasks to queue
[2025-04-10T23:04:27.806+0000] {logging_mixin.py:190} INFO - [2025-04-10T23:04:27.806+0000] {dagbag.py:588} INFO - Filling up the DagBag from /opt/airflow/dags/3-dependencias.py
[2025-04-10T23:04:27.822+0000] {processor.py:925} INFO - DAG(s) 'dependencias' retrieved from /opt/airflow/dags/3-dependencias.py
[2025-04-10T23:04:27.844+0000] {logging_mixin.py:190} INFO - [2025-04-10T23:04:27.844+0000] {dag.py:3239} INFO - Sync 1 DAGs
[2025-04-10T23:04:27.975+0000] {logging_mixin.py:190} INFO - [2025-04-10T23:04:27.975+0000] {dag.py:4180} INFO - Setting next_dagrun for dependencias to 2023-07-01 00:00:00+00:00, run_after=2023-07-01 00:00:00+00:00
[2025-04-10T23:04:27.992+0000] {processor.py:208} INFO - Processing /opt/airflow/dags/3-dependencias.py took 0.195 seconds
[2025-04-10T23:04:58.876+0000] {processor.py:186} INFO - Started process (PID=2004) to work on /opt/airflow/dags/3-dependencias.py
[2025-04-10T23:04:58.877+0000] {processor.py:914} INFO - Processing file /opt/airflow/dags/3-dependencias.py for tasks to queue
[2025-04-10T23:04:58.878+0000] {logging_mixin.py:190} INFO - [2025-04-10T23:04:58.878+0000] {dagbag.py:588} INFO - Filling up the DagBag from /opt/airflow/dags/3-dependencias.py
[2025-04-10T23:04:58.899+0000] {processor.py:925} INFO - DAG(s) 'dependencias' retrieved from /opt/airflow/dags/3-dependencias.py
[2025-04-10T23:04:58.924+0000] {logging_mixin.py:190} INFO - [2025-04-10T23:04:58.924+0000] {dag.py:3239} INFO - Sync 1 DAGs
[2025-04-10T23:04:58.949+0000] {logging_mixin.py:190} INFO - [2025-04-10T23:04:58.948+0000] {dag.py:4180} INFO - Setting next_dagrun for dependencias to 2023-07-01 00:00:00+00:00, run_after=2023-07-01 00:00:00+00:00
[2025-04-10T23:04:58.976+0000] {processor.py:208} INFO - Processing /opt/airflow/dags/3-dependencias.py took 0.105 seconds
[2025-04-10T23:05:29.227+0000] {processor.py:186} INFO - Started process (PID=2014) to work on /opt/airflow/dags/3-dependencias.py
[2025-04-10T23:05:29.228+0000] {processor.py:914} INFO - Processing file /opt/airflow/dags/3-dependencias.py for tasks to queue
[2025-04-10T23:05:29.230+0000] {logging_mixin.py:190} INFO - [2025-04-10T23:05:29.229+0000] {dagbag.py:588} INFO - Filling up the DagBag from /opt/airflow/dags/3-dependencias.py
[2025-04-10T23:05:29.244+0000] {processor.py:925} INFO - DAG(s) 'dependencias' retrieved from /opt/airflow/dags/3-dependencias.py
[2025-04-10T23:05:29.266+0000] {logging_mixin.py:190} INFO - [2025-04-10T23:05:29.266+0000] {dag.py:3239} INFO - Sync 1 DAGs
[2025-04-10T23:05:29.288+0000] {logging_mixin.py:190} INFO - [2025-04-10T23:05:29.288+0000] {dag.py:4180} INFO - Setting next_dagrun for dependencias to 2023-07-01 00:00:00+00:00, run_after=2023-07-01 00:00:00+00:00
[2025-04-10T23:05:29.308+0000] {processor.py:208} INFO - Processing /opt/airflow/dags/3-dependencias.py took 0.087 seconds
[2025-04-10T23:06:00.311+0000] {processor.py:186} INFO - Started process (PID=2024) to work on /opt/airflow/dags/3-dependencias.py
[2025-04-10T23:06:00.312+0000] {processor.py:914} INFO - Processing file /opt/airflow/dags/3-dependencias.py for tasks to queue
[2025-04-10T23:06:00.314+0000] {logging_mixin.py:190} INFO - [2025-04-10T23:06:00.313+0000] {dagbag.py:588} INFO - Filling up the DagBag from /opt/airflow/dags/3-dependencias.py
[2025-04-10T23:06:00.331+0000] {processor.py:925} INFO - DAG(s) 'dependencias' retrieved from /opt/airflow/dags/3-dependencias.py
[2025-04-10T23:06:00.353+0000] {logging_mixin.py:190} INFO - [2025-04-10T23:06:00.353+0000] {dag.py:3239} INFO - Sync 1 DAGs
[2025-04-10T23:06:00.373+0000] {logging_mixin.py:190} INFO - [2025-04-10T23:06:00.373+0000] {dag.py:4180} INFO - Setting next_dagrun for dependencias to 2023-07-01 00:00:00+00:00, run_after=2023-07-01 00:00:00+00:00
[2025-04-10T23:06:00.397+0000] {processor.py:208} INFO - Processing /opt/airflow/dags/3-dependencias.py took 0.091 seconds
[2025-04-10T23:06:30.737+0000] {processor.py:186} INFO - Started process (PID=2034) to work on /opt/airflow/dags/3-dependencias.py
[2025-04-10T23:06:30.739+0000] {processor.py:914} INFO - Processing file /opt/airflow/dags/3-dependencias.py for tasks to queue
[2025-04-10T23:06:30.741+0000] {logging_mixin.py:190} INFO - [2025-04-10T23:06:30.741+0000] {dagbag.py:588} INFO - Filling up the DagBag from /opt/airflow/dags/3-dependencias.py
[2025-04-10T23:06:30.779+0000] {processor.py:925} INFO - DAG(s) 'dependencias' retrieved from /opt/airflow/dags/3-dependencias.py
[2025-04-10T23:06:30.803+0000] {logging_mixin.py:190} INFO - [2025-04-10T23:06:30.803+0000] {dag.py:3239} INFO - Sync 1 DAGs
[2025-04-10T23:06:30.830+0000] {logging_mixin.py:190} INFO - [2025-04-10T23:06:30.830+0000] {dag.py:4180} INFO - Setting next_dagrun for dependencias to 2023-07-01 00:00:00+00:00, run_after=2023-07-01 00:00:00+00:00
[2025-04-10T23:06:30.969+0000] {processor.py:208} INFO - Processing /opt/airflow/dags/3-dependencias.py took 0.240 seconds
[2025-04-10T23:07:01.608+0000] {processor.py:186} INFO - Started process (PID=2044) to work on /opt/airflow/dags/3-dependencias.py
[2025-04-10T23:07:01.609+0000] {processor.py:914} INFO - Processing file /opt/airflow/dags/3-dependencias.py for tasks to queue
[2025-04-10T23:07:01.610+0000] {logging_mixin.py:190} INFO - [2025-04-10T23:07:01.610+0000] {dagbag.py:588} INFO - Filling up the DagBag from /opt/airflow/dags/3-dependencias.py
[2025-04-10T23:07:01.623+0000] {processor.py:925} INFO - DAG(s) 'dependencias' retrieved from /opt/airflow/dags/3-dependencias.py
[2025-04-10T23:07:01.642+0000] {logging_mixin.py:190} INFO - [2025-04-10T23:07:01.642+0000] {dag.py:3239} INFO - Sync 1 DAGs
[2025-04-10T23:07:01.770+0000] {logging_mixin.py:190} INFO - [2025-04-10T23:07:01.769+0000] {dag.py:4180} INFO - Setting next_dagrun for dependencias to 2023-07-01 00:00:00+00:00, run_after=2023-07-01 00:00:00+00:00
[2025-04-10T23:07:01.788+0000] {processor.py:208} INFO - Processing /opt/airflow/dags/3-dependencias.py took 0.185 seconds
[2025-04-10T23:07:32.862+0000] {processor.py:186} INFO - Started process (PID=2054) to work on /opt/airflow/dags/3-dependencias.py
[2025-04-10T23:07:32.868+0000] {processor.py:914} INFO - Processing file /opt/airflow/dags/3-dependencias.py for tasks to queue
[2025-04-10T23:07:32.873+0000] {logging_mixin.py:190} INFO - [2025-04-10T23:07:32.872+0000] {dagbag.py:588} INFO - Filling up the DagBag from /opt/airflow/dags/3-dependencias.py
[2025-04-10T23:07:33.024+0000] {processor.py:925} INFO - DAG(s) 'dependencias' retrieved from /opt/airflow/dags/3-dependencias.py
[2025-04-10T23:07:33.169+0000] {logging_mixin.py:190} INFO - [2025-04-10T23:07:33.169+0000] {dag.py:3239} INFO - Sync 1 DAGs
[2025-04-10T23:07:33.192+0000] {logging_mixin.py:190} INFO - [2025-04-10T23:07:33.192+0000] {dag.py:4180} INFO - Setting next_dagrun for dependencias to 2023-07-01 00:00:00+00:00, run_after=2023-07-01 00:00:00+00:00
[2025-04-10T23:07:33.239+0000] {processor.py:208} INFO - Processing /opt/airflow/dags/3-dependencias.py took 0.391 seconds
[2025-04-10T23:08:03.314+0000] {processor.py:186} INFO - Started process (PID=2064) to work on /opt/airflow/dags/3-dependencias.py
[2025-04-10T23:08:03.315+0000] {processor.py:914} INFO - Processing file /opt/airflow/dags/3-dependencias.py for tasks to queue
[2025-04-10T23:08:03.316+0000] {logging_mixin.py:190} INFO - [2025-04-10T23:08:03.316+0000] {dagbag.py:588} INFO - Filling up the DagBag from /opt/airflow/dags/3-dependencias.py
[2025-04-10T23:08:03.329+0000] {processor.py:925} INFO - DAG(s) 'dependencias' retrieved from /opt/airflow/dags/3-dependencias.py
[2025-04-10T23:08:03.349+0000] {logging_mixin.py:190} INFO - [2025-04-10T23:08:03.348+0000] {dag.py:3239} INFO - Sync 1 DAGs
[2025-04-10T23:08:03.367+0000] {logging_mixin.py:190} INFO - [2025-04-10T23:08:03.367+0000] {dag.py:4180} INFO - Setting next_dagrun for dependencias to 2023-07-01 00:00:00+00:00, run_after=2023-07-01 00:00:00+00:00
[2025-04-10T23:08:03.388+0000] {processor.py:208} INFO - Processing /opt/airflow/dags/3-dependencias.py took 0.079 seconds
[2025-04-10T23:08:34.326+0000] {processor.py:186} INFO - Started process (PID=2074) to work on /opt/airflow/dags/3-dependencias.py
[2025-04-10T23:08:34.328+0000] {processor.py:914} INFO - Processing file /opt/airflow/dags/3-dependencias.py for tasks to queue
[2025-04-10T23:08:34.329+0000] {logging_mixin.py:190} INFO - [2025-04-10T23:08:34.329+0000] {dagbag.py:588} INFO - Filling up the DagBag from /opt/airflow/dags/3-dependencias.py
[2025-04-10T23:08:34.356+0000] {processor.py:925} INFO - DAG(s) 'dependencias' retrieved from /opt/airflow/dags/3-dependencias.py
[2025-04-10T23:08:34.381+0000] {logging_mixin.py:190} INFO - [2025-04-10T23:08:34.381+0000] {dag.py:3239} INFO - Sync 1 DAGs
[2025-04-10T23:08:34.401+0000] {logging_mixin.py:190} INFO - [2025-04-10T23:08:34.401+0000] {dag.py:4180} INFO - Setting next_dagrun for dependencias to 2023-07-01 00:00:00+00:00, run_after=2023-07-01 00:00:00+00:00
[2025-04-10T23:08:34.425+0000] {processor.py:208} INFO - Processing /opt/airflow/dags/3-dependencias.py took 0.105 seconds
[2025-04-10T23:09:04.671+0000] {processor.py:186} INFO - Started process (PID=2084) to work on /opt/airflow/dags/3-dependencias.py
[2025-04-10T23:09:04.672+0000] {processor.py:914} INFO - Processing file /opt/airflow/dags/3-dependencias.py for tasks to queue
[2025-04-10T23:09:04.674+0000] {logging_mixin.py:190} INFO - [2025-04-10T23:09:04.673+0000] {dagbag.py:588} INFO - Filling up the DagBag from /opt/airflow/dags/3-dependencias.py
[2025-04-10T23:09:04.739+0000] {processor.py:925} INFO - DAG(s) 'dependencias' retrieved from /opt/airflow/dags/3-dependencias.py
[2025-04-10T23:09:04.769+0000] {logging_mixin.py:190} INFO - [2025-04-10T23:09:04.769+0000] {dag.py:3239} INFO - Sync 1 DAGs
[2025-04-10T23:09:04.792+0000] {logging_mixin.py:190} INFO - [2025-04-10T23:09:04.791+0000] {dag.py:4180} INFO - Setting next_dagrun for dependencias to 2023-07-01 00:00:00+00:00, run_after=2023-07-01 00:00:00+00:00
[2025-04-10T23:09:04.937+0000] {processor.py:208} INFO - Processing /opt/airflow/dags/3-dependencias.py took 0.271 seconds
[2025-04-10T23:09:35.802+0000] {processor.py:186} INFO - Started process (PID=2094) to work on /opt/airflow/dags/3-dependencias.py
[2025-04-10T23:09:35.821+0000] {processor.py:914} INFO - Processing file /opt/airflow/dags/3-dependencias.py for tasks to queue
[2025-04-10T23:09:35.831+0000] {logging_mixin.py:190} INFO - [2025-04-10T23:09:35.830+0000] {dagbag.py:588} INFO - Filling up the DagBag from /opt/airflow/dags/3-dependencias.py
[2025-04-10T23:09:35.872+0000] {processor.py:925} INFO - DAG(s) 'dependencias' retrieved from /opt/airflow/dags/3-dependencias.py
[2025-04-10T23:09:35.909+0000] {logging_mixin.py:190} INFO - [2025-04-10T23:09:35.909+0000] {dag.py:3239} INFO - Sync 1 DAGs
[2025-04-10T23:09:36.045+0000] {logging_mixin.py:190} INFO - [2025-04-10T23:09:36.045+0000] {dag.py:4180} INFO - Setting next_dagrun for dependencias to 2023-07-01 00:00:00+00:00, run_after=2023-07-01 00:00:00+00:00
[2025-04-10T23:09:36.106+0000] {processor.py:208} INFO - Processing /opt/airflow/dags/3-dependencias.py took 0.312 seconds
[2025-04-10T23:10:06.538+0000] {processor.py:186} INFO - Started process (PID=2104) to work on /opt/airflow/dags/3-dependencias.py
[2025-04-10T23:10:06.544+0000] {processor.py:914} INFO - Processing file /opt/airflow/dags/3-dependencias.py for tasks to queue
[2025-04-10T23:10:06.571+0000] {logging_mixin.py:190} INFO - [2025-04-10T23:10:06.570+0000] {dagbag.py:588} INFO - Filling up the DagBag from /opt/airflow/dags/3-dependencias.py
[2025-04-10T23:10:06.607+0000] {processor.py:925} INFO - DAG(s) 'dependencias' retrieved from /opt/airflow/dags/3-dependencias.py
[2025-04-10T23:10:06.627+0000] {logging_mixin.py:190} INFO - [2025-04-10T23:10:06.627+0000] {dag.py:3239} INFO - Sync 1 DAGs
[2025-04-10T23:10:06.753+0000] {logging_mixin.py:190} INFO - [2025-04-10T23:10:06.753+0000] {dag.py:4180} INFO - Setting next_dagrun for dependencias to 2023-07-01 00:00:00+00:00, run_after=2023-07-01 00:00:00+00:00
[2025-04-10T23:10:06.835+0000] {processor.py:208} INFO - Processing /opt/airflow/dags/3-dependencias.py took 0.306 seconds
[2025-04-10T23:10:38.614+0000] {processor.py:186} INFO - Started process (PID=2114) to work on /opt/airflow/dags/3-dependencias.py
[2025-04-10T23:10:38.615+0000] {processor.py:914} INFO - Processing file /opt/airflow/dags/3-dependencias.py for tasks to queue
[2025-04-10T23:10:38.616+0000] {logging_mixin.py:190} INFO - [2025-04-10T23:10:38.616+0000] {dagbag.py:588} INFO - Filling up the DagBag from /opt/airflow/dags/3-dependencias.py
[2025-04-10T23:10:38.631+0000] {processor.py:925} INFO - DAG(s) 'dependencias' retrieved from /opt/airflow/dags/3-dependencias.py
[2025-04-10T23:10:38.651+0000] {logging_mixin.py:190} INFO - [2025-04-10T23:10:38.651+0000] {dag.py:3239} INFO - Sync 1 DAGs
[2025-04-10T23:10:38.719+0000] {logging_mixin.py:190} INFO - [2025-04-10T23:10:38.719+0000] {dag.py:4180} INFO - Setting next_dagrun for dependencias to 2023-07-01 00:00:00+00:00, run_after=2023-07-01 00:00:00+00:00
[2025-04-10T23:10:38.859+0000] {processor.py:208} INFO - Processing /opt/airflow/dags/3-dependencias.py took 0.251 seconds
[2025-04-10T23:11:09.825+0000] {processor.py:186} INFO - Started process (PID=2125) to work on /opt/airflow/dags/3-dependencias.py
[2025-04-10T23:11:09.826+0000] {processor.py:914} INFO - Processing file /opt/airflow/dags/3-dependencias.py for tasks to queue
[2025-04-10T23:11:09.830+0000] {logging_mixin.py:190} INFO - [2025-04-10T23:11:09.829+0000] {dagbag.py:588} INFO - Filling up the DagBag from /opt/airflow/dags/3-dependencias.py
[2025-04-10T23:11:09.858+0000] {processor.py:925} INFO - DAG(s) 'dependencias' retrieved from /opt/airflow/dags/3-dependencias.py
[2025-04-10T23:11:09.882+0000] {logging_mixin.py:190} INFO - [2025-04-10T23:11:09.882+0000] {dag.py:3239} INFO - Sync 1 DAGs
[2025-04-10T23:11:09.901+0000] {logging_mixin.py:190} INFO - [2025-04-10T23:11:09.901+0000] {dag.py:4180} INFO - Setting next_dagrun for dependencias to 2023-07-01 00:00:00+00:00, run_after=2023-07-01 00:00:00+00:00
[2025-04-10T23:11:09.926+0000] {processor.py:208} INFO - Processing /opt/airflow/dags/3-dependencias.py took 0.107 seconds
[2025-04-10T23:11:40.921+0000] {processor.py:186} INFO - Started process (PID=2142) to work on /opt/airflow/dags/3-dependencias.py
[2025-04-10T23:11:40.923+0000] {processor.py:914} INFO - Processing file /opt/airflow/dags/3-dependencias.py for tasks to queue
[2025-04-10T23:11:40.925+0000] {logging_mixin.py:190} INFO - [2025-04-10T23:11:40.925+0000] {dagbag.py:588} INFO - Filling up the DagBag from /opt/airflow/dags/3-dependencias.py
[2025-04-10T23:11:40.952+0000] {processor.py:925} INFO - DAG(s) 'dependencias' retrieved from /opt/airflow/dags/3-dependencias.py
[2025-04-10T23:11:40.974+0000] {logging_mixin.py:190} INFO - [2025-04-10T23:11:40.974+0000] {dag.py:3239} INFO - Sync 1 DAGs
[2025-04-10T23:11:40.993+0000] {logging_mixin.py:190} INFO - [2025-04-10T23:11:40.993+0000] {dag.py:4180} INFO - Setting next_dagrun for dependencias to 2023-07-01 00:00:00+00:00, run_after=2023-07-01 00:00:00+00:00
[2025-04-10T23:11:41.023+0000] {processor.py:208} INFO - Processing /opt/airflow/dags/3-dependencias.py took 0.106 seconds
[2025-04-10T23:12:11.313+0000] {processor.py:186} INFO - Started process (PID=2153) to work on /opt/airflow/dags/3-dependencias.py
[2025-04-10T23:12:11.314+0000] {processor.py:914} INFO - Processing file /opt/airflow/dags/3-dependencias.py for tasks to queue
[2025-04-10T23:12:11.315+0000] {logging_mixin.py:190} INFO - [2025-04-10T23:12:11.315+0000] {dagbag.py:588} INFO - Filling up the DagBag from /opt/airflow/dags/3-dependencias.py
[2025-04-10T23:12:11.332+0000] {processor.py:925} INFO - DAG(s) 'dependencias' retrieved from /opt/airflow/dags/3-dependencias.py
[2025-04-10T23:12:11.353+0000] {logging_mixin.py:190} INFO - [2025-04-10T23:12:11.353+0000] {dag.py:3239} INFO - Sync 1 DAGs
[2025-04-10T23:12:11.374+0000] {logging_mixin.py:190} INFO - [2025-04-10T23:12:11.374+0000] {dag.py:4180} INFO - Setting next_dagrun for dependencias to 2023-07-01 00:00:00+00:00, run_after=2023-07-01 00:00:00+00:00
[2025-04-10T23:12:11.512+0000] {processor.py:208} INFO - Processing /opt/airflow/dags/3-dependencias.py took 0.205 seconds
[2025-04-10T23:12:42.318+0000] {processor.py:186} INFO - Started process (PID=2163) to work on /opt/airflow/dags/3-dependencias.py
[2025-04-10T23:12:42.319+0000] {processor.py:914} INFO - Processing file /opt/airflow/dags/3-dependencias.py for tasks to queue
[2025-04-10T23:12:42.321+0000] {logging_mixin.py:190} INFO - [2025-04-10T23:12:42.321+0000] {dagbag.py:588} INFO - Filling up the DagBag from /opt/airflow/dags/3-dependencias.py
[2025-04-10T23:12:42.335+0000] {processor.py:925} INFO - DAG(s) 'dependencias' retrieved from /opt/airflow/dags/3-dependencias.py
[2025-04-10T23:12:42.356+0000] {logging_mixin.py:190} INFO - [2025-04-10T23:12:42.356+0000] {dag.py:3239} INFO - Sync 1 DAGs
[2025-04-10T23:12:42.488+0000] {logging_mixin.py:190} INFO - [2025-04-10T23:12:42.488+0000] {dag.py:4180} INFO - Setting next_dagrun for dependencias to 2023-07-01 00:00:00+00:00, run_after=2023-07-01 00:00:00+00:00
[2025-04-10T23:12:42.509+0000] {processor.py:208} INFO - Processing /opt/airflow/dags/3-dependencias.py took 0.196 seconds
[2025-04-10T23:13:12.718+0000] {processor.py:186} INFO - Started process (PID=2173) to work on /opt/airflow/dags/3-dependencias.py
[2025-04-10T23:13:12.719+0000] {processor.py:914} INFO - Processing file /opt/airflow/dags/3-dependencias.py for tasks to queue
[2025-04-10T23:13:12.722+0000] {logging_mixin.py:190} INFO - [2025-04-10T23:13:12.722+0000] {dagbag.py:588} INFO - Filling up the DagBag from /opt/airflow/dags/3-dependencias.py
[2025-04-10T23:13:12.742+0000] {processor.py:925} INFO - DAG(s) 'dependencias' retrieved from /opt/airflow/dags/3-dependencias.py
[2025-04-10T23:13:12.767+0000] {logging_mixin.py:190} INFO - [2025-04-10T23:13:12.766+0000] {dag.py:3239} INFO - Sync 1 DAGs
[2025-04-10T23:13:12.898+0000] {logging_mixin.py:190} INFO - [2025-04-10T23:13:12.898+0000] {dag.py:4180} INFO - Setting next_dagrun for dependencias to 2023-07-01 00:00:00+00:00, run_after=2023-07-01 00:00:00+00:00
[2025-04-10T23:13:12.920+0000] {processor.py:208} INFO - Processing /opt/airflow/dags/3-dependencias.py took 0.207 seconds
[2025-04-10T23:13:43.097+0000] {processor.py:186} INFO - Started process (PID=2183) to work on /opt/airflow/dags/3-dependencias.py
[2025-04-10T23:13:43.098+0000] {processor.py:914} INFO - Processing file /opt/airflow/dags/3-dependencias.py for tasks to queue
[2025-04-10T23:13:43.099+0000] {logging_mixin.py:190} INFO - [2025-04-10T23:13:43.099+0000] {dagbag.py:588} INFO - Filling up the DagBag from /opt/airflow/dags/3-dependencias.py
[2025-04-10T23:13:43.113+0000] {processor.py:925} INFO - DAG(s) 'dependencias' retrieved from /opt/airflow/dags/3-dependencias.py
[2025-04-10T23:13:43.134+0000] {logging_mixin.py:190} INFO - [2025-04-10T23:13:43.134+0000] {dag.py:3239} INFO - Sync 1 DAGs
[2025-04-10T23:13:43.156+0000] {logging_mixin.py:190} INFO - [2025-04-10T23:13:43.156+0000] {dag.py:4180} INFO - Setting next_dagrun for dependencias to 2023-07-01 00:00:00+00:00, run_after=2023-07-01 00:00:00+00:00
[2025-04-10T23:13:43.184+0000] {processor.py:208} INFO - Processing /opt/airflow/dags/3-dependencias.py took 0.093 seconds
[2025-04-10T23:14:13.982+0000] {processor.py:186} INFO - Started process (PID=2193) to work on /opt/airflow/dags/3-dependencias.py
[2025-04-10T23:14:13.983+0000] {processor.py:914} INFO - Processing file /opt/airflow/dags/3-dependencias.py for tasks to queue
[2025-04-10T23:14:13.985+0000] {logging_mixin.py:190} INFO - [2025-04-10T23:14:13.985+0000] {dagbag.py:588} INFO - Filling up the DagBag from /opt/airflow/dags/3-dependencias.py
[2025-04-10T23:14:14.027+0000] {processor.py:925} INFO - DAG(s) 'dependencias' retrieved from /opt/airflow/dags/3-dependencias.py
[2025-04-10T23:14:14.051+0000] {logging_mixin.py:190} INFO - [2025-04-10T23:14:14.051+0000] {dag.py:3239} INFO - Sync 1 DAGs
[2025-04-10T23:14:14.070+0000] {logging_mixin.py:190} INFO - [2025-04-10T23:14:14.070+0000] {dag.py:4180} INFO - Setting next_dagrun for dependencias to 2023-07-01 00:00:00+00:00, run_after=2023-07-01 00:00:00+00:00
[2025-04-10T23:14:14.176+0000] {processor.py:208} INFO - Processing /opt/airflow/dags/3-dependencias.py took 0.201 seconds
[2025-04-10T23:14:44.933+0000] {processor.py:186} INFO - Started process (PID=2203) to work on /opt/airflow/dags/3-dependencias.py
[2025-04-10T23:14:44.935+0000] {processor.py:914} INFO - Processing file /opt/airflow/dags/3-dependencias.py for tasks to queue
[2025-04-10T23:14:44.937+0000] {logging_mixin.py:190} INFO - [2025-04-10T23:14:44.937+0000] {dagbag.py:588} INFO - Filling up the DagBag from /opt/airflow/dags/3-dependencias.py
[2025-04-10T23:14:44.967+0000] {processor.py:925} INFO - DAG(s) 'dependencias' retrieved from /opt/airflow/dags/3-dependencias.py
[2025-04-10T23:14:45.004+0000] {logging_mixin.py:190} INFO - [2025-04-10T23:14:45.004+0000] {dag.py:3239} INFO - Sync 1 DAGs
[2025-04-10T23:14:45.026+0000] {logging_mixin.py:190} INFO - [2025-04-10T23:14:45.026+0000] {dag.py:4180} INFO - Setting next_dagrun for dependencias to 2023-07-01 00:00:00+00:00, run_after=2023-07-01 00:00:00+00:00
[2025-04-10T23:14:45.053+0000] {processor.py:208} INFO - Processing /opt/airflow/dags/3-dependencias.py took 0.130 seconds
[2025-04-10T23:15:15.307+0000] {processor.py:186} INFO - Started process (PID=2213) to work on /opt/airflow/dags/3-dependencias.py
[2025-04-10T23:15:15.308+0000] {processor.py:914} INFO - Processing file /opt/airflow/dags/3-dependencias.py for tasks to queue
[2025-04-10T23:15:15.310+0000] {logging_mixin.py:190} INFO - [2025-04-10T23:15:15.310+0000] {dagbag.py:588} INFO - Filling up the DagBag from /opt/airflow/dags/3-dependencias.py
[2025-04-10T23:15:15.327+0000] {processor.py:925} INFO - DAG(s) 'dependencias' retrieved from /opt/airflow/dags/3-dependencias.py
[2025-04-10T23:15:15.349+0000] {logging_mixin.py:190} INFO - [2025-04-10T23:15:15.349+0000] {dag.py:3239} INFO - Sync 1 DAGs
[2025-04-10T23:15:15.486+0000] {logging_mixin.py:190} INFO - [2025-04-10T23:15:15.485+0000] {dag.py:4180} INFO - Setting next_dagrun for dependencias to 2023-07-01 00:00:00+00:00, run_after=2023-07-01 00:00:00+00:00
[2025-04-10T23:15:15.505+0000] {processor.py:208} INFO - Processing /opt/airflow/dags/3-dependencias.py took 0.203 seconds
[2025-04-10T23:15:45.561+0000] {processor.py:186} INFO - Started process (PID=2223) to work on /opt/airflow/dags/3-dependencias.py
[2025-04-10T23:15:45.562+0000] {processor.py:914} INFO - Processing file /opt/airflow/dags/3-dependencias.py for tasks to queue
[2025-04-10T23:15:45.565+0000] {logging_mixin.py:190} INFO - [2025-04-10T23:15:45.565+0000] {dagbag.py:588} INFO - Filling up the DagBag from /opt/airflow/dags/3-dependencias.py
[2025-04-10T23:15:45.582+0000] {processor.py:925} INFO - DAG(s) 'dependencias' retrieved from /opt/airflow/dags/3-dependencias.py
[2025-04-10T23:15:45.605+0000] {logging_mixin.py:190} INFO - [2025-04-10T23:15:45.605+0000] {dag.py:3239} INFO - Sync 1 DAGs
[2025-04-10T23:15:45.731+0000] {logging_mixin.py:190} INFO - [2025-04-10T23:15:45.731+0000] {dag.py:4180} INFO - Setting next_dagrun for dependencias to 2023-07-01 00:00:00+00:00, run_after=2023-07-01 00:00:00+00:00
[2025-04-10T23:15:45.753+0000] {processor.py:208} INFO - Processing /opt/airflow/dags/3-dependencias.py took 0.197 seconds
[2025-04-10T23:16:16.496+0000] {processor.py:186} INFO - Started process (PID=2233) to work on /opt/airflow/dags/3-dependencias.py
[2025-04-10T23:16:16.497+0000] {processor.py:914} INFO - Processing file /opt/airflow/dags/3-dependencias.py for tasks to queue
[2025-04-10T23:16:16.499+0000] {logging_mixin.py:190} INFO - [2025-04-10T23:16:16.498+0000] {dagbag.py:588} INFO - Filling up the DagBag from /opt/airflow/dags/3-dependencias.py
[2025-04-10T23:16:16.513+0000] {processor.py:925} INFO - DAG(s) 'dependencias' retrieved from /opt/airflow/dags/3-dependencias.py
[2025-04-10T23:16:16.535+0000] {logging_mixin.py:190} INFO - [2025-04-10T23:16:16.535+0000] {dag.py:3239} INFO - Sync 1 DAGs
[2025-04-10T23:16:16.557+0000] {logging_mixin.py:190} INFO - [2025-04-10T23:16:16.557+0000] {dag.py:4180} INFO - Setting next_dagrun for dependencias to 2023-07-01 00:00:00+00:00, run_after=2023-07-01 00:00:00+00:00
[2025-04-10T23:16:16.582+0000] {processor.py:208} INFO - Processing /opt/airflow/dags/3-dependencias.py took 0.092 seconds
[2025-04-10T23:16:46.849+0000] {processor.py:186} INFO - Started process (PID=2243) to work on /opt/airflow/dags/3-dependencias.py
[2025-04-10T23:16:46.850+0000] {processor.py:914} INFO - Processing file /opt/airflow/dags/3-dependencias.py for tasks to queue
[2025-04-10T23:16:46.852+0000] {logging_mixin.py:190} INFO - [2025-04-10T23:16:46.851+0000] {dagbag.py:588} INFO - Filling up the DagBag from /opt/airflow/dags/3-dependencias.py
[2025-04-10T23:16:46.863+0000] {processor.py:925} INFO - DAG(s) 'dependencias' retrieved from /opt/airflow/dags/3-dependencias.py
[2025-04-10T23:16:46.883+0000] {logging_mixin.py:190} INFO - [2025-04-10T23:16:46.883+0000] {dag.py:3239} INFO - Sync 1 DAGs
[2025-04-10T23:16:46.900+0000] {logging_mixin.py:190} INFO - [2025-04-10T23:16:46.900+0000] {dag.py:4180} INFO - Setting next_dagrun for dependencias to 2023-07-01 00:00:00+00:00, run_after=2023-07-01 00:00:00+00:00
[2025-04-10T23:16:47.031+0000] {processor.py:208} INFO - Processing /opt/airflow/dags/3-dependencias.py took 0.187 seconds
[2025-04-10T23:17:17.114+0000] {processor.py:186} INFO - Started process (PID=2253) to work on /opt/airflow/dags/3-dependencias.py
[2025-04-10T23:17:17.115+0000] {processor.py:914} INFO - Processing file /opt/airflow/dags/3-dependencias.py for tasks to queue
[2025-04-10T23:17:17.117+0000] {logging_mixin.py:190} INFO - [2025-04-10T23:17:17.116+0000] {dagbag.py:588} INFO - Filling up the DagBag from /opt/airflow/dags/3-dependencias.py
[2025-04-10T23:17:17.129+0000] {processor.py:925} INFO - DAG(s) 'dependencias' retrieved from /opt/airflow/dags/3-dependencias.py
[2025-04-10T23:17:17.150+0000] {logging_mixin.py:190} INFO - [2025-04-10T23:17:17.150+0000] {dag.py:3239} INFO - Sync 1 DAGs
[2025-04-10T23:17:17.170+0000] {logging_mixin.py:190} INFO - [2025-04-10T23:17:17.170+0000] {dag.py:4180} INFO - Setting next_dagrun for dependencias to 2023-07-01 00:00:00+00:00, run_after=2023-07-01 00:00:00+00:00
[2025-04-10T23:17:17.196+0000] {processor.py:208} INFO - Processing /opt/airflow/dags/3-dependencias.py took 0.088 seconds
[2025-04-10T23:17:47.452+0000] {processor.py:186} INFO - Started process (PID=2263) to work on /opt/airflow/dags/3-dependencias.py
[2025-04-10T23:17:47.453+0000] {processor.py:914} INFO - Processing file /opt/airflow/dags/3-dependencias.py for tasks to queue
[2025-04-10T23:17:47.455+0000] {logging_mixin.py:190} INFO - [2025-04-10T23:17:47.455+0000] {dagbag.py:588} INFO - Filling up the DagBag from /opt/airflow/dags/3-dependencias.py
[2025-04-10T23:17:47.468+0000] {processor.py:925} INFO - DAG(s) 'dependencias' retrieved from /opt/airflow/dags/3-dependencias.py
[2025-04-10T23:17:47.491+0000] {logging_mixin.py:190} INFO - [2025-04-10T23:17:47.490+0000] {dag.py:3239} INFO - Sync 1 DAGs
[2025-04-10T23:17:47.511+0000] {logging_mixin.py:190} INFO - [2025-04-10T23:17:47.511+0000] {dag.py:4180} INFO - Setting next_dagrun for dependencias to 2023-07-01 00:00:00+00:00, run_after=2023-07-01 00:00:00+00:00
[2025-04-10T23:17:47.633+0000] {processor.py:208} INFO - Processing /opt/airflow/dags/3-dependencias.py took 0.187 seconds
[2025-04-10T23:18:17.797+0000] {processor.py:186} INFO - Started process (PID=2273) to work on /opt/airflow/dags/3-dependencias.py
[2025-04-10T23:18:17.798+0000] {processor.py:914} INFO - Processing file /opt/airflow/dags/3-dependencias.py for tasks to queue
[2025-04-10T23:18:17.799+0000] {logging_mixin.py:190} INFO - [2025-04-10T23:18:17.799+0000] {dagbag.py:588} INFO - Filling up the DagBag from /opt/airflow/dags/3-dependencias.py
[2025-04-10T23:18:17.815+0000] {processor.py:925} INFO - DAG(s) 'dependencias' retrieved from /opt/airflow/dags/3-dependencias.py
[2025-04-10T23:18:17.839+0000] {logging_mixin.py:190} INFO - [2025-04-10T23:18:17.838+0000] {dag.py:3239} INFO - Sync 1 DAGs
[2025-04-10T23:18:17.957+0000] {logging_mixin.py:190} INFO - [2025-04-10T23:18:17.957+0000] {dag.py:4180} INFO - Setting next_dagrun for dependencias to 2023-07-01 00:00:00+00:00, run_after=2023-07-01 00:00:00+00:00
[2025-04-10T23:18:17.977+0000] {processor.py:208} INFO - Processing /opt/airflow/dags/3-dependencias.py took 0.186 seconds
[2025-04-10T23:32:02.076+0000] {processor.py:186} INFO - Started process (PID=2274) to work on /opt/airflow/dags/3-dependencias.py
[2025-04-10T23:32:02.083+0000] {processor.py:914} INFO - Processing file /opt/airflow/dags/3-dependencias.py for tasks to queue
[2025-04-10T23:32:02.089+0000] {logging_mixin.py:190} INFO - [2025-04-10T23:32:02.088+0000] {dagbag.py:588} INFO - Filling up the DagBag from /opt/airflow/dags/3-dependencias.py
[2025-04-10T23:32:02.190+0000] {processor.py:925} INFO - DAG(s) 'dependencias' retrieved from /opt/airflow/dags/3-dependencias.py
[2025-04-10T23:32:02.224+0000] {logging_mixin.py:190} INFO - [2025-04-10T23:32:02.224+0000] {dag.py:3239} INFO - Sync 1 DAGs
[2025-04-10T23:32:02.412+0000] {logging_mixin.py:190} INFO - [2025-04-10T23:32:02.412+0000] {dag.py:4180} INFO - Setting next_dagrun for dependencias to 2023-07-01 00:00:00+00:00, run_after=2023-07-01 00:00:00+00:00
[2025-04-10T23:32:02.459+0000] {processor.py:208} INFO - Processing /opt/airflow/dags/3-dependencias.py took 0.390 seconds
[2025-04-10T23:32:32.657+0000] {processor.py:186} INFO - Started process (PID=2284) to work on /opt/airflow/dags/3-dependencias.py
[2025-04-10T23:32:32.658+0000] {processor.py:914} INFO - Processing file /opt/airflow/dags/3-dependencias.py for tasks to queue
[2025-04-10T23:32:32.659+0000] {logging_mixin.py:190} INFO - [2025-04-10T23:32:32.659+0000] {dagbag.py:588} INFO - Filling up the DagBag from /opt/airflow/dags/3-dependencias.py
[2025-04-10T23:32:32.677+0000] {processor.py:925} INFO - DAG(s) 'dependencias' retrieved from /opt/airflow/dags/3-dependencias.py
[2025-04-10T23:32:32.705+0000] {logging_mixin.py:190} INFO - [2025-04-10T23:32:32.705+0000] {dag.py:3239} INFO - Sync 1 DAGs
[2025-04-10T23:32:32.847+0000] {logging_mixin.py:190} INFO - [2025-04-10T23:32:32.847+0000] {dag.py:4180} INFO - Setting next_dagrun for dependencias to 2023-07-01 00:00:00+00:00, run_after=2023-07-01 00:00:00+00:00
[2025-04-10T23:32:32.896+0000] {processor.py:208} INFO - Processing /opt/airflow/dags/3-dependencias.py took 0.244 seconds
[2025-04-10T23:33:03.577+0000] {processor.py:186} INFO - Started process (PID=2294) to work on /opt/airflow/dags/3-dependencias.py
[2025-04-10T23:33:03.578+0000] {processor.py:914} INFO - Processing file /opt/airflow/dags/3-dependencias.py for tasks to queue
[2025-04-10T23:33:03.580+0000] {logging_mixin.py:190} INFO - [2025-04-10T23:33:03.580+0000] {dagbag.py:588} INFO - Filling up the DagBag from /opt/airflow/dags/3-dependencias.py
[2025-04-10T23:33:03.596+0000] {processor.py:925} INFO - DAG(s) 'dependencias' retrieved from /opt/airflow/dags/3-dependencias.py
[2025-04-10T23:33:03.620+0000] {logging_mixin.py:190} INFO - [2025-04-10T23:33:03.620+0000] {dag.py:3239} INFO - Sync 1 DAGs
[2025-04-10T23:33:03.640+0000] {logging_mixin.py:190} INFO - [2025-04-10T23:33:03.640+0000] {dag.py:4180} INFO - Setting next_dagrun for dependencias to 2023-07-01 00:00:00+00:00, run_after=2023-07-01 00:00:00+00:00
[2025-04-10T23:33:03.685+0000] {processor.py:208} INFO - Processing /opt/airflow/dags/3-dependencias.py took 0.115 seconds
[2025-04-10T23:33:34.654+0000] {processor.py:186} INFO - Started process (PID=2304) to work on /opt/airflow/dags/3-dependencias.py
[2025-04-10T23:33:34.655+0000] {processor.py:914} INFO - Processing file /opt/airflow/dags/3-dependencias.py for tasks to queue
[2025-04-10T23:33:34.657+0000] {logging_mixin.py:190} INFO - [2025-04-10T23:33:34.656+0000] {dagbag.py:588} INFO - Filling up the DagBag from /opt/airflow/dags/3-dependencias.py
[2025-04-10T23:33:34.673+0000] {processor.py:925} INFO - DAG(s) 'dependencias' retrieved from /opt/airflow/dags/3-dependencias.py
[2025-04-10T23:33:34.696+0000] {logging_mixin.py:190} INFO - [2025-04-10T23:33:34.696+0000] {dag.py:3239} INFO - Sync 1 DAGs
[2025-04-10T23:33:34.717+0000] {logging_mixin.py:190} INFO - [2025-04-10T23:33:34.717+0000] {dag.py:4180} INFO - Setting next_dagrun for dependencias to 2023-07-01 00:00:00+00:00, run_after=2023-07-01 00:00:00+00:00
[2025-04-10T23:33:34.738+0000] {processor.py:208} INFO - Processing /opt/airflow/dags/3-dependencias.py took 0.091 seconds
[2025-04-10T23:34:04.881+0000] {processor.py:186} INFO - Started process (PID=2314) to work on /opt/airflow/dags/3-dependencias.py
[2025-04-10T23:34:04.882+0000] {processor.py:914} INFO - Processing file /opt/airflow/dags/3-dependencias.py for tasks to queue
[2025-04-10T23:34:04.884+0000] {logging_mixin.py:190} INFO - [2025-04-10T23:34:04.883+0000] {dagbag.py:588} INFO - Filling up the DagBag from /opt/airflow/dags/3-dependencias.py
[2025-04-10T23:34:04.898+0000] {processor.py:925} INFO - DAG(s) 'dependencias' retrieved from /opt/airflow/dags/3-dependencias.py
[2025-04-10T23:34:04.921+0000] {logging_mixin.py:190} INFO - [2025-04-10T23:34:04.921+0000] {dag.py:3239} INFO - Sync 1 DAGs
[2025-04-10T23:34:04.942+0000] {logging_mixin.py:190} INFO - [2025-04-10T23:34:04.941+0000] {dag.py:4180} INFO - Setting next_dagrun for dependencias to 2023-07-01 00:00:00+00:00, run_after=2023-07-01 00:00:00+00:00
[2025-04-10T23:34:04.996+0000] {processor.py:208} INFO - Processing /opt/airflow/dags/3-dependencias.py took 0.121 seconds
[2025-04-10T23:34:35.800+0000] {processor.py:186} INFO - Started process (PID=2325) to work on /opt/airflow/dags/3-dependencias.py
[2025-04-10T23:34:35.801+0000] {processor.py:914} INFO - Processing file /opt/airflow/dags/3-dependencias.py for tasks to queue
[2025-04-10T23:34:35.803+0000] {logging_mixin.py:190} INFO - [2025-04-10T23:34:35.802+0000] {dagbag.py:588} INFO - Filling up the DagBag from /opt/airflow/dags/3-dependencias.py
[2025-04-10T23:34:35.820+0000] {processor.py:925} INFO - DAG(s) 'dependencias' retrieved from /opt/airflow/dags/3-dependencias.py
[2025-04-10T23:34:35.844+0000] {logging_mixin.py:190} INFO - [2025-04-10T23:34:35.844+0000] {dag.py:3239} INFO - Sync 1 DAGs
[2025-04-10T23:34:35.995+0000] {logging_mixin.py:190} INFO - [2025-04-10T23:34:35.994+0000] {dag.py:4180} INFO - Setting next_dagrun for dependencias to 2023-07-01 00:00:00+00:00, run_after=2023-07-01 00:00:00+00:00
[2025-04-10T23:34:36.038+0000] {processor.py:208} INFO - Processing /opt/airflow/dags/3-dependencias.py took 0.245 seconds
[2025-04-10T23:35:06.158+0000] {processor.py:186} INFO - Started process (PID=2336) to work on /opt/airflow/dags/3-dependencias.py
[2025-04-10T23:35:06.159+0000] {processor.py:914} INFO - Processing file /opt/airflow/dags/3-dependencias.py for tasks to queue
[2025-04-10T23:35:06.160+0000] {logging_mixin.py:190} INFO - [2025-04-10T23:35:06.160+0000] {dagbag.py:588} INFO - Filling up the DagBag from /opt/airflow/dags/3-dependencias.py
[2025-04-10T23:35:06.174+0000] {processor.py:925} INFO - DAG(s) 'dependencias' retrieved from /opt/airflow/dags/3-dependencias.py
[2025-04-10T23:35:06.197+0000] {logging_mixin.py:190} INFO - [2025-04-10T23:35:06.196+0000] {dag.py:3239} INFO - Sync 1 DAGs
[2025-04-10T23:35:06.344+0000] {logging_mixin.py:190} INFO - [2025-04-10T23:35:06.344+0000] {dag.py:4180} INFO - Setting next_dagrun for dependencias to 2023-07-01 00:00:00+00:00, run_after=2023-07-01 00:00:00+00:00
[2025-04-10T23:35:06.394+0000] {processor.py:208} INFO - Processing /opt/airflow/dags/3-dependencias.py took 0.242 seconds
[2025-04-10T23:35:36.488+0000] {processor.py:186} INFO - Started process (PID=2347) to work on /opt/airflow/dags/3-dependencias.py
[2025-04-10T23:35:36.489+0000] {processor.py:914} INFO - Processing file /opt/airflow/dags/3-dependencias.py for tasks to queue
[2025-04-10T23:35:36.492+0000] {logging_mixin.py:190} INFO - [2025-04-10T23:35:36.491+0000] {dagbag.py:588} INFO - Filling up the DagBag from /opt/airflow/dags/3-dependencias.py
[2025-04-10T23:35:36.506+0000] {processor.py:925} INFO - DAG(s) 'dependencias' retrieved from /opt/airflow/dags/3-dependencias.py
[2025-04-10T23:35:36.649+0000] {logging_mixin.py:190} INFO - [2025-04-10T23:35:36.649+0000] {dag.py:3239} INFO - Sync 1 DAGs
[2025-04-10T23:35:36.666+0000] {logging_mixin.py:190} INFO - [2025-04-10T23:35:36.666+0000] {dag.py:4180} INFO - Setting next_dagrun for dependencias to 2023-07-01 00:00:00+00:00, run_after=2023-07-01 00:00:00+00:00
[2025-04-10T23:35:36.716+0000] {processor.py:208} INFO - Processing /opt/airflow/dags/3-dependencias.py took 0.233 seconds
[2025-04-10T23:36:07.344+0000] {processor.py:186} INFO - Started process (PID=2357) to work on /opt/airflow/dags/3-dependencias.py
[2025-04-10T23:36:07.345+0000] {processor.py:914} INFO - Processing file /opt/airflow/dags/3-dependencias.py for tasks to queue
[2025-04-10T23:36:07.347+0000] {logging_mixin.py:190} INFO - [2025-04-10T23:36:07.347+0000] {dagbag.py:588} INFO - Filling up the DagBag from /opt/airflow/dags/3-dependencias.py
[2025-04-10T23:36:07.362+0000] {processor.py:925} INFO - DAG(s) 'dependencias' retrieved from /opt/airflow/dags/3-dependencias.py
[2025-04-10T23:36:07.385+0000] {logging_mixin.py:190} INFO - [2025-04-10T23:36:07.385+0000] {dag.py:3239} INFO - Sync 1 DAGs
[2025-04-10T23:36:07.406+0000] {logging_mixin.py:190} INFO - [2025-04-10T23:36:07.405+0000] {dag.py:4180} INFO - Setting next_dagrun for dependencias to 2023-07-01 00:00:00+00:00, run_after=2023-07-01 00:00:00+00:00
[2025-04-10T23:36:07.461+0000] {processor.py:208} INFO - Processing /opt/airflow/dags/3-dependencias.py took 0.123 seconds
[2025-04-10T23:36:37.891+0000] {processor.py:186} INFO - Started process (PID=2367) to work on /opt/airflow/dags/3-dependencias.py
[2025-04-10T23:36:37.893+0000] {processor.py:914} INFO - Processing file /opt/airflow/dags/3-dependencias.py for tasks to queue
[2025-04-10T23:36:37.894+0000] {logging_mixin.py:190} INFO - [2025-04-10T23:36:37.894+0000] {dagbag.py:588} INFO - Filling up the DagBag from /opt/airflow/dags/3-dependencias.py
[2025-04-10T23:36:37.919+0000] {processor.py:925} INFO - DAG(s) 'dependencias' retrieved from /opt/airflow/dags/3-dependencias.py
[2025-04-10T23:36:37.945+0000] {logging_mixin.py:190} INFO - [2025-04-10T23:36:37.945+0000] {dag.py:3239} INFO - Sync 1 DAGs
[2025-04-10T23:36:37.967+0000] {logging_mixin.py:190} INFO - [2025-04-10T23:36:37.967+0000] {dag.py:4180} INFO - Setting next_dagrun for dependencias to 2023-07-01 00:00:00+00:00, run_after=2023-07-01 00:00:00+00:00
[2025-04-10T23:36:38.021+0000] {processor.py:208} INFO - Processing /opt/airflow/dags/3-dependencias.py took 0.136 seconds
[2025-04-10T23:37:08.323+0000] {processor.py:186} INFO - Started process (PID=2377) to work on /opt/airflow/dags/3-dependencias.py
[2025-04-10T23:37:08.327+0000] {processor.py:914} INFO - Processing file /opt/airflow/dags/3-dependencias.py for tasks to queue
[2025-04-10T23:37:08.328+0000] {logging_mixin.py:190} INFO - [2025-04-10T23:37:08.328+0000] {dagbag.py:588} INFO - Filling up the DagBag from /opt/airflow/dags/3-dependencias.py
[2025-04-10T23:37:08.391+0000] {processor.py:925} INFO - DAG(s) 'dependencias' retrieved from /opt/airflow/dags/3-dependencias.py
[2025-04-10T23:37:08.415+0000] {logging_mixin.py:190} INFO - [2025-04-10T23:37:08.415+0000] {dag.py:3239} INFO - Sync 1 DAGs
[2025-04-10T23:37:08.437+0000] {logging_mixin.py:190} INFO - [2025-04-10T23:37:08.437+0000] {dag.py:4180} INFO - Setting next_dagrun for dependencias to 2023-07-01 00:00:00+00:00, run_after=2023-07-01 00:00:00+00:00
[2025-04-10T23:37:08.594+0000] {processor.py:208} INFO - Processing /opt/airflow/dags/3-dependencias.py took 0.277 seconds
[2025-04-10T23:37:39.495+0000] {processor.py:186} INFO - Started process (PID=2387) to work on /opt/airflow/dags/3-dependencias.py
[2025-04-10T23:37:39.496+0000] {processor.py:914} INFO - Processing file /opt/airflow/dags/3-dependencias.py for tasks to queue
[2025-04-10T23:37:39.497+0000] {logging_mixin.py:190} INFO - [2025-04-10T23:37:39.497+0000] {dagbag.py:588} INFO - Filling up the DagBag from /opt/airflow/dags/3-dependencias.py
[2025-04-10T23:37:39.513+0000] {processor.py:925} INFO - DAG(s) 'dependencias' retrieved from /opt/airflow/dags/3-dependencias.py
[2025-04-10T23:37:39.536+0000] {logging_mixin.py:190} INFO - [2025-04-10T23:37:39.536+0000] {dag.py:3239} INFO - Sync 1 DAGs
[2025-04-10T23:37:39.680+0000] {logging_mixin.py:190} INFO - [2025-04-10T23:37:39.680+0000] {dag.py:4180} INFO - Setting next_dagrun for dependencias to 2023-07-01 00:00:00+00:00, run_after=2023-07-01 00:00:00+00:00
[2025-04-10T23:37:39.724+0000] {processor.py:208} INFO - Processing /opt/airflow/dags/3-dependencias.py took 0.236 seconds
[2025-04-10T23:38:10.658+0000] {processor.py:186} INFO - Started process (PID=2397) to work on /opt/airflow/dags/3-dependencias.py
[2025-04-10T23:38:10.659+0000] {processor.py:914} INFO - Processing file /opt/airflow/dags/3-dependencias.py for tasks to queue
[2025-04-10T23:38:10.661+0000] {logging_mixin.py:190} INFO - [2025-04-10T23:38:10.660+0000] {dagbag.py:588} INFO - Filling up the DagBag from /opt/airflow/dags/3-dependencias.py
[2025-04-10T23:38:10.674+0000] {processor.py:925} INFO - DAG(s) 'dependencias' retrieved from /opt/airflow/dags/3-dependencias.py
[2025-04-10T23:38:10.698+0000] {logging_mixin.py:190} INFO - [2025-04-10T23:38:10.697+0000] {dag.py:3239} INFO - Sync 1 DAGs
[2025-04-10T23:38:10.836+0000] {logging_mixin.py:190} INFO - [2025-04-10T23:38:10.835+0000] {dag.py:4180} INFO - Setting next_dagrun for dependencias to 2023-07-01 00:00:00+00:00, run_after=2023-07-01 00:00:00+00:00
[2025-04-10T23:38:10.880+0000] {processor.py:208} INFO - Processing /opt/airflow/dags/3-dependencias.py took 0.228 seconds
[2025-04-10T23:38:41.060+0000] {processor.py:186} INFO - Started process (PID=2407) to work on /opt/airflow/dags/3-dependencias.py
[2025-04-10T23:38:41.061+0000] {processor.py:914} INFO - Processing file /opt/airflow/dags/3-dependencias.py for tasks to queue
[2025-04-10T23:38:41.064+0000] {logging_mixin.py:190} INFO - [2025-04-10T23:38:41.063+0000] {dagbag.py:588} INFO - Filling up the DagBag from /opt/airflow/dags/3-dependencias.py
[2025-04-10T23:38:41.088+0000] {processor.py:925} INFO - DAG(s) 'dependencias' retrieved from /opt/airflow/dags/3-dependencias.py
[2025-04-10T23:38:41.113+0000] {logging_mixin.py:190} INFO - [2025-04-10T23:38:41.113+0000] {dag.py:3239} INFO - Sync 1 DAGs
[2025-04-10T23:38:41.135+0000] {logging_mixin.py:190} INFO - [2025-04-10T23:38:41.134+0000] {dag.py:4180} INFO - Setting next_dagrun for dependencias to 2023-07-01 00:00:00+00:00, run_after=2023-07-01 00:00:00+00:00
[2025-04-10T23:38:41.189+0000] {processor.py:208} INFO - Processing /opt/airflow/dags/3-dependencias.py took 0.135 seconds
[2025-04-10T23:39:11.415+0000] {processor.py:186} INFO - Started process (PID=2417) to work on /opt/airflow/dags/3-dependencias.py
[2025-04-10T23:39:11.416+0000] {processor.py:914} INFO - Processing file /opt/airflow/dags/3-dependencias.py for tasks to queue
[2025-04-10T23:39:11.417+0000] {logging_mixin.py:190} INFO - [2025-04-10T23:39:11.417+0000] {dagbag.py:588} INFO - Filling up the DagBag from /opt/airflow/dags/3-dependencias.py
[2025-04-10T23:39:11.432+0000] {processor.py:925} INFO - DAG(s) 'dependencias' retrieved from /opt/airflow/dags/3-dependencias.py
[2025-04-10T23:39:11.455+0000] {logging_mixin.py:190} INFO - [2025-04-10T23:39:11.455+0000] {dag.py:3239} INFO - Sync 1 DAGs
[2025-04-10T23:39:11.477+0000] {logging_mixin.py:190} INFO - [2025-04-10T23:39:11.476+0000] {dag.py:4180} INFO - Setting next_dagrun for dependencias to 2023-07-01 00:00:00+00:00, run_after=2023-07-01 00:00:00+00:00
[2025-04-10T23:39:11.530+0000] {processor.py:208} INFO - Processing /opt/airflow/dags/3-dependencias.py took 0.120 seconds
[2025-04-10T23:39:41.775+0000] {processor.py:186} INFO - Started process (PID=2427) to work on /opt/airflow/dags/3-dependencias.py
[2025-04-10T23:39:41.776+0000] {processor.py:914} INFO - Processing file /opt/airflow/dags/3-dependencias.py for tasks to queue
[2025-04-10T23:39:41.778+0000] {logging_mixin.py:190} INFO - [2025-04-10T23:39:41.778+0000] {dagbag.py:588} INFO - Filling up the DagBag from /opt/airflow/dags/3-dependencias.py
[2025-04-10T23:39:41.803+0000] {processor.py:925} INFO - DAG(s) 'dependencias' retrieved from /opt/airflow/dags/3-dependencias.py
[2025-04-10T23:39:41.830+0000] {logging_mixin.py:190} INFO - [2025-04-10T23:39:41.830+0000] {dag.py:3239} INFO - Sync 1 DAGs
[2025-04-10T23:39:41.852+0000] {logging_mixin.py:190} INFO - [2025-04-10T23:39:41.852+0000] {dag.py:4180} INFO - Setting next_dagrun for dependencias to 2023-07-01 00:00:00+00:00, run_after=2023-07-01 00:00:00+00:00
[2025-04-10T23:39:41.871+0000] {processor.py:208} INFO - Processing /opt/airflow/dags/3-dependencias.py took 0.103 seconds
[2025-04-10T23:40:12.257+0000] {processor.py:186} INFO - Started process (PID=2437) to work on /opt/airflow/dags/3-dependencias.py
[2025-04-10T23:40:12.258+0000] {processor.py:914} INFO - Processing file /opt/airflow/dags/3-dependencias.py for tasks to queue
[2025-04-10T23:40:12.260+0000] {logging_mixin.py:190} INFO - [2025-04-10T23:40:12.259+0000] {dagbag.py:588} INFO - Filling up the DagBag from /opt/airflow/dags/3-dependencias.py
[2025-04-10T23:40:12.284+0000] {processor.py:925} INFO - DAG(s) 'dependencias' retrieved from /opt/airflow/dags/3-dependencias.py
[2025-04-10T23:40:12.307+0000] {logging_mixin.py:190} INFO - [2025-04-10T23:40:12.307+0000] {dag.py:3239} INFO - Sync 1 DAGs
[2025-04-10T23:40:12.456+0000] {logging_mixin.py:190} INFO - [2025-04-10T23:40:12.455+0000] {dag.py:4180} INFO - Setting next_dagrun for dependencias to 2023-07-01 00:00:00+00:00, run_after=2023-07-01 00:00:00+00:00
[2025-04-10T23:40:12.501+0000] {processor.py:208} INFO - Processing /opt/airflow/dags/3-dependencias.py took 0.249 seconds
[2025-04-10T23:40:43.546+0000] {processor.py:186} INFO - Started process (PID=2447) to work on /opt/airflow/dags/3-dependencias.py
[2025-04-10T23:40:43.547+0000] {processor.py:914} INFO - Processing file /opt/airflow/dags/3-dependencias.py for tasks to queue
[2025-04-10T23:40:43.549+0000] {logging_mixin.py:190} INFO - [2025-04-10T23:40:43.548+0000] {dagbag.py:588} INFO - Filling up the DagBag from /opt/airflow/dags/3-dependencias.py
[2025-04-10T23:40:43.574+0000] {processor.py:925} INFO - DAG(s) 'dependencias' retrieved from /opt/airflow/dags/3-dependencias.py
[2025-04-10T23:40:43.602+0000] {logging_mixin.py:190} INFO - [2025-04-10T23:40:43.602+0000] {dag.py:3239} INFO - Sync 1 DAGs
[2025-04-10T23:40:43.775+0000] {logging_mixin.py:190} INFO - [2025-04-10T23:40:43.774+0000] {dag.py:4180} INFO - Setting next_dagrun for dependencias to 2023-07-01 00:00:00+00:00, run_after=2023-07-01 00:00:00+00:00
[2025-04-10T23:40:43.802+0000] {processor.py:208} INFO - Processing /opt/airflow/dags/3-dependencias.py took 0.262 seconds
[2025-04-10T23:41:14.665+0000] {processor.py:186} INFO - Started process (PID=2457) to work on /opt/airflow/dags/3-dependencias.py
[2025-04-10T23:41:14.665+0000] {processor.py:914} INFO - Processing file /opt/airflow/dags/3-dependencias.py for tasks to queue
[2025-04-10T23:41:14.667+0000] {logging_mixin.py:190} INFO - [2025-04-10T23:41:14.666+0000] {dagbag.py:588} INFO - Filling up the DagBag from /opt/airflow/dags/3-dependencias.py
[2025-04-10T23:41:14.679+0000] {processor.py:925} INFO - DAG(s) 'dependencias' retrieved from /opt/airflow/dags/3-dependencias.py
[2025-04-10T23:41:14.826+0000] {logging_mixin.py:190} INFO - [2025-04-10T23:41:14.826+0000] {dag.py:3239} INFO - Sync 1 DAGs
[2025-04-10T23:41:14.843+0000] {logging_mixin.py:190} INFO - [2025-04-10T23:41:14.843+0000] {dag.py:4180} INFO - Setting next_dagrun for dependencias to 2023-07-01 00:00:00+00:00, run_after=2023-07-01 00:00:00+00:00
[2025-04-10T23:41:14.859+0000] {processor.py:208} INFO - Processing /opt/airflow/dags/3-dependencias.py took 0.199 seconds
[2025-04-10T23:41:45.355+0000] {processor.py:186} INFO - Started process (PID=2467) to work on /opt/airflow/dags/3-dependencias.py
[2025-04-10T23:41:45.356+0000] {processor.py:914} INFO - Processing file /opt/airflow/dags/3-dependencias.py for tasks to queue
[2025-04-10T23:41:45.358+0000] {logging_mixin.py:190} INFO - [2025-04-10T23:41:45.357+0000] {dagbag.py:588} INFO - Filling up the DagBag from /opt/airflow/dags/3-dependencias.py
[2025-04-10T23:41:45.373+0000] {processor.py:925} INFO - DAG(s) 'dependencias' retrieved from /opt/airflow/dags/3-dependencias.py
[2025-04-10T23:41:45.394+0000] {logging_mixin.py:190} INFO - [2025-04-10T23:41:45.394+0000] {dag.py:3239} INFO - Sync 1 DAGs
[2025-04-10T23:41:45.414+0000] {logging_mixin.py:190} INFO - [2025-04-10T23:41:45.414+0000] {dag.py:4180} INFO - Setting next_dagrun for dependencias to 2023-07-01 00:00:00+00:00, run_after=2023-07-01 00:00:00+00:00
[2025-04-10T23:41:45.467+0000] {processor.py:208} INFO - Processing /opt/airflow/dags/3-dependencias.py took 0.118 seconds
[2025-04-10T23:42:16.049+0000] {processor.py:186} INFO - Started process (PID=2477) to work on /opt/airflow/dags/3-dependencias.py
[2025-04-10T23:42:16.050+0000] {processor.py:914} INFO - Processing file /opt/airflow/dags/3-dependencias.py for tasks to queue
[2025-04-10T23:42:16.052+0000] {logging_mixin.py:190} INFO - [2025-04-10T23:42:16.052+0000] {dagbag.py:588} INFO - Filling up the DagBag from /opt/airflow/dags/3-dependencias.py
[2025-04-10T23:42:16.074+0000] {processor.py:925} INFO - DAG(s) 'dependencias' retrieved from /opt/airflow/dags/3-dependencias.py
[2025-04-10T23:42:16.097+0000] {logging_mixin.py:190} INFO - [2025-04-10T23:42:16.097+0000] {dag.py:3239} INFO - Sync 1 DAGs
[2025-04-10T23:42:16.118+0000] {logging_mixin.py:190} INFO - [2025-04-10T23:42:16.118+0000] {dag.py:4180} INFO - Setting next_dagrun for dependencias to 2023-07-01 00:00:00+00:00, run_after=2023-07-01 00:00:00+00:00
[2025-04-10T23:42:16.163+0000] {processor.py:208} INFO - Processing /opt/airflow/dags/3-dependencias.py took 0.120 seconds
[2025-04-10T23:42:46.401+0000] {processor.py:186} INFO - Started process (PID=2486) to work on /opt/airflow/dags/3-dependencias.py
[2025-04-10T23:42:46.402+0000] {processor.py:914} INFO - Processing file /opt/airflow/dags/3-dependencias.py for tasks to queue
[2025-04-10T23:42:46.404+0000] {logging_mixin.py:190} INFO - [2025-04-10T23:42:46.403+0000] {dagbag.py:588} INFO - Filling up the DagBag from /opt/airflow/dags/3-dependencias.py
[2025-04-10T23:42:46.419+0000] {processor.py:925} INFO - DAG(s) 'dependencias' retrieved from /opt/airflow/dags/3-dependencias.py
[2025-04-10T23:42:46.441+0000] {logging_mixin.py:190} INFO - [2025-04-10T23:42:46.441+0000] {dag.py:3239} INFO - Sync 1 DAGs
[2025-04-10T23:42:46.461+0000] {logging_mixin.py:190} INFO - [2025-04-10T23:42:46.461+0000] {dag.py:4180} INFO - Setting next_dagrun for dependencias to 2023-07-01 00:00:00+00:00, run_after=2023-07-01 00:00:00+00:00
[2025-04-10T23:42:46.631+0000] {processor.py:208} INFO - Processing /opt/airflow/dags/3-dependencias.py took 0.236 seconds
[2025-04-10T23:43:17.404+0000] {processor.py:186} INFO - Started process (PID=2496) to work on /opt/airflow/dags/3-dependencias.py
[2025-04-10T23:43:17.406+0000] {processor.py:914} INFO - Processing file /opt/airflow/dags/3-dependencias.py for tasks to queue
[2025-04-10T23:43:17.407+0000] {logging_mixin.py:190} INFO - [2025-04-10T23:43:17.407+0000] {dagbag.py:588} INFO - Filling up the DagBag from /opt/airflow/dags/3-dependencias.py
[2025-04-10T23:43:17.434+0000] {processor.py:925} INFO - DAG(s) 'dependencias' retrieved from /opt/airflow/dags/3-dependencias.py
[2025-04-10T23:43:17.459+0000] {logging_mixin.py:190} INFO - [2025-04-10T23:43:17.459+0000] {dag.py:3239} INFO - Sync 1 DAGs
[2025-04-10T23:43:17.611+0000] {logging_mixin.py:190} INFO - [2025-04-10T23:43:17.611+0000] {dag.py:4180} INFO - Setting next_dagrun for dependencias to 2023-07-01 00:00:00+00:00, run_after=2023-07-01 00:00:00+00:00
[2025-04-10T23:43:17.633+0000] {processor.py:208} INFO - Processing /opt/airflow/dags/3-dependencias.py took 0.234 seconds
[2025-04-10T23:43:48.284+0000] {processor.py:186} INFO - Started process (PID=2506) to work on /opt/airflow/dags/3-dependencias.py
[2025-04-10T23:43:48.285+0000] {processor.py:914} INFO - Processing file /opt/airflow/dags/3-dependencias.py for tasks to queue
[2025-04-10T23:43:48.287+0000] {logging_mixin.py:190} INFO - [2025-04-10T23:43:48.286+0000] {dagbag.py:588} INFO - Filling up the DagBag from /opt/airflow/dags/3-dependencias.py
[2025-04-10T23:43:48.314+0000] {processor.py:925} INFO - DAG(s) 'dependencias' retrieved from /opt/airflow/dags/3-dependencias.py
[2025-04-10T23:43:48.337+0000] {logging_mixin.py:190} INFO - [2025-04-10T23:43:48.337+0000] {dag.py:3239} INFO - Sync 1 DAGs
[2025-04-10T23:43:48.484+0000] {logging_mixin.py:190} INFO - [2025-04-10T23:43:48.484+0000] {dag.py:4180} INFO - Setting next_dagrun for dependencias to 2023-07-01 00:00:00+00:00, run_after=2023-07-01 00:00:00+00:00
[2025-04-10T23:43:48.528+0000] {processor.py:208} INFO - Processing /opt/airflow/dags/3-dependencias.py took 0.250 seconds
[2025-04-10T23:44:18.596+0000] {processor.py:186} INFO - Started process (PID=2516) to work on /opt/airflow/dags/3-dependencias.py
[2025-04-10T23:44:18.597+0000] {processor.py:914} INFO - Processing file /opt/airflow/dags/3-dependencias.py for tasks to queue
[2025-04-10T23:44:18.599+0000] {logging_mixin.py:190} INFO - [2025-04-10T23:44:18.599+0000] {dagbag.py:588} INFO - Filling up the DagBag from /opt/airflow/dags/3-dependencias.py
[2025-04-10T23:44:18.616+0000] {processor.py:925} INFO - DAG(s) 'dependencias' retrieved from /opt/airflow/dags/3-dependencias.py
[2025-04-10T23:44:18.643+0000] {logging_mixin.py:190} INFO - [2025-04-10T23:44:18.643+0000] {dag.py:3239} INFO - Sync 1 DAGs
[2025-04-10T23:44:18.668+0000] {logging_mixin.py:190} INFO - [2025-04-10T23:44:18.668+0000] {dag.py:4180} INFO - Setting next_dagrun for dependencias to 2023-07-01 00:00:00+00:00, run_after=2023-07-01 00:00:00+00:00
[2025-04-10T23:44:18.691+0000] {processor.py:208} INFO - Processing /opt/airflow/dags/3-dependencias.py took 0.102 seconds
[2025-04-10T23:44:48.767+0000] {processor.py:186} INFO - Started process (PID=2530) to work on /opt/airflow/dags/3-dependencias.py
[2025-04-10T23:44:48.770+0000] {processor.py:914} INFO - Processing file /opt/airflow/dags/3-dependencias.py for tasks to queue
[2025-04-10T23:44:48.771+0000] {logging_mixin.py:190} INFO - [2025-04-10T23:44:48.771+0000] {dagbag.py:588} INFO - Filling up the DagBag from /opt/airflow/dags/3-dependencias.py
[2025-04-10T23:44:48.785+0000] {processor.py:925} INFO - DAG(s) 'dependencias' retrieved from /opt/airflow/dags/3-dependencias.py
[2025-04-10T23:44:48.813+0000] {logging_mixin.py:190} INFO - [2025-04-10T23:44:48.812+0000] {dag.py:3239} INFO - Sync 1 DAGs
[2025-04-10T23:44:48.836+0000] {logging_mixin.py:190} INFO - [2025-04-10T23:44:48.836+0000] {dag.py:4180} INFO - Setting next_dagrun for dependencias to None, run_after=None
[2025-04-10T23:44:48.886+0000] {processor.py:208} INFO - Processing /opt/airflow/dags/3-dependencias.py took 0.124 seconds
[2025-04-10T23:45:18.939+0000] {processor.py:186} INFO - Started process (PID=2544) to work on /opt/airflow/dags/3-dependencias.py
[2025-04-10T23:45:18.943+0000] {processor.py:914} INFO - Processing file /opt/airflow/dags/3-dependencias.py for tasks to queue
[2025-04-10T23:45:18.945+0000] {logging_mixin.py:190} INFO - [2025-04-10T23:45:18.945+0000] {dagbag.py:588} INFO - Filling up the DagBag from /opt/airflow/dags/3-dependencias.py
[2025-04-10T23:45:18.963+0000] {processor.py:925} INFO - DAG(s) 'dependencias' retrieved from /opt/airflow/dags/3-dependencias.py
[2025-04-10T23:45:18.984+0000] {logging_mixin.py:190} INFO - [2025-04-10T23:45:18.984+0000] {dag.py:3239} INFO - Sync 1 DAGs
[2025-04-10T23:45:19.007+0000] {logging_mixin.py:190} INFO - [2025-04-10T23:45:19.007+0000] {dag.py:4180} INFO - Setting next_dagrun for dependencias to None, run_after=None
[2025-04-10T23:45:19.068+0000] {processor.py:208} INFO - Processing /opt/airflow/dags/3-dependencias.py took 0.135 seconds
[2025-04-10T23:45:49.958+0000] {processor.py:186} INFO - Started process (PID=2554) to work on /opt/airflow/dags/3-dependencias.py
[2025-04-10T23:45:49.959+0000] {processor.py:914} INFO - Processing file /opt/airflow/dags/3-dependencias.py for tasks to queue
[2025-04-10T23:45:49.960+0000] {logging_mixin.py:190} INFO - [2025-04-10T23:45:49.960+0000] {dagbag.py:588} INFO - Filling up the DagBag from /opt/airflow/dags/3-dependencias.py
[2025-04-10T23:45:49.973+0000] {processor.py:925} INFO - DAG(s) 'dependencias' retrieved from /opt/airflow/dags/3-dependencias.py
[2025-04-10T23:45:49.996+0000] {logging_mixin.py:190} INFO - [2025-04-10T23:45:49.995+0000] {dag.py:3239} INFO - Sync 1 DAGs
[2025-04-10T23:45:50.148+0000] {logging_mixin.py:190} INFO - [2025-04-10T23:45:50.148+0000] {dag.py:4180} INFO - Setting next_dagrun for dependencias to None, run_after=None
[2025-04-10T23:45:50.198+0000] {processor.py:208} INFO - Processing /opt/airflow/dags/3-dependencias.py took 0.247 seconds
[2025-04-10T23:46:20.985+0000] {processor.py:186} INFO - Started process (PID=2564) to work on /opt/airflow/dags/3-dependencias.py
[2025-04-10T23:46:20.986+0000] {processor.py:914} INFO - Processing file /opt/airflow/dags/3-dependencias.py for tasks to queue
[2025-04-10T23:46:20.987+0000] {logging_mixin.py:190} INFO - [2025-04-10T23:46:20.987+0000] {dagbag.py:588} INFO - Filling up the DagBag from /opt/airflow/dags/3-dependencias.py
[2025-04-10T23:46:21.004+0000] {processor.py:925} INFO - DAG(s) 'dependencias' retrieved from /opt/airflow/dags/3-dependencias.py
[2025-04-10T23:46:21.026+0000] {logging_mixin.py:190} INFO - [2025-04-10T23:46:21.026+0000] {dag.py:3239} INFO - Sync 1 DAGs
[2025-04-10T23:46:21.167+0000] {logging_mixin.py:190} INFO - [2025-04-10T23:46:21.167+0000] {dag.py:4180} INFO - Setting next_dagrun for dependencias to None, run_after=None
[2025-04-10T23:46:21.183+0000] {processor.py:208} INFO - Processing /opt/airflow/dags/3-dependencias.py took 0.203 seconds
[2025-04-10T23:46:51.401+0000] {processor.py:186} INFO - Started process (PID=2574) to work on /opt/airflow/dags/3-dependencias.py
[2025-04-10T23:46:51.403+0000] {processor.py:914} INFO - Processing file /opt/airflow/dags/3-dependencias.py for tasks to queue
[2025-04-10T23:46:51.404+0000] {logging_mixin.py:190} INFO - [2025-04-10T23:46:51.404+0000] {dagbag.py:588} INFO - Filling up the DagBag from /opt/airflow/dags/3-dependencias.py
[2025-04-10T23:46:51.422+0000] {processor.py:925} INFO - DAG(s) 'dependencias' retrieved from /opt/airflow/dags/3-dependencias.py
[2025-04-10T23:46:51.566+0000] {logging_mixin.py:190} INFO - [2025-04-10T23:46:51.566+0000] {dag.py:3239} INFO - Sync 1 DAGs
[2025-04-10T23:46:51.583+0000] {logging_mixin.py:190} INFO - [2025-04-10T23:46:51.583+0000] {dag.py:4180} INFO - Setting next_dagrun for dependencias to None, run_after=None
[2025-04-10T23:46:51.642+0000] {processor.py:208} INFO - Processing /opt/airflow/dags/3-dependencias.py took 0.245 seconds
[2025-04-10T23:47:21.991+0000] {processor.py:186} INFO - Started process (PID=2584) to work on /opt/airflow/dags/3-dependencias.py
[2025-04-10T23:47:21.993+0000] {processor.py:914} INFO - Processing file /opt/airflow/dags/3-dependencias.py for tasks to queue
[2025-04-10T23:47:21.995+0000] {logging_mixin.py:190} INFO - [2025-04-10T23:47:21.994+0000] {dagbag.py:588} INFO - Filling up the DagBag from /opt/airflow/dags/3-dependencias.py
[2025-04-10T23:47:22.050+0000] {processor.py:925} INFO - DAG(s) 'dependencias' retrieved from /opt/airflow/dags/3-dependencias.py
[2025-04-10T23:47:22.076+0000] {logging_mixin.py:190} INFO - [2025-04-10T23:47:22.076+0000] {dag.py:3239} INFO - Sync 1 DAGs
[2025-04-10T23:47:22.100+0000] {logging_mixin.py:190} INFO - [2025-04-10T23:47:22.100+0000] {dag.py:4180} INFO - Setting next_dagrun for dependencias to None, run_after=None
[2025-04-10T23:47:22.149+0000] {processor.py:208} INFO - Processing /opt/airflow/dags/3-dependencias.py took 0.163 seconds
[2025-04-10T23:47:52.921+0000] {processor.py:186} INFO - Started process (PID=2594) to work on /opt/airflow/dags/3-dependencias.py
[2025-04-10T23:47:52.923+0000] {processor.py:914} INFO - Processing file /opt/airflow/dags/3-dependencias.py for tasks to queue
[2025-04-10T23:47:52.925+0000] {logging_mixin.py:190} INFO - [2025-04-10T23:47:52.925+0000] {dagbag.py:588} INFO - Filling up the DagBag from /opt/airflow/dags/3-dependencias.py
[2025-04-10T23:47:52.938+0000] {processor.py:925} INFO - DAG(s) 'dependencias' retrieved from /opt/airflow/dags/3-dependencias.py
[2025-04-10T23:47:52.960+0000] {logging_mixin.py:190} INFO - [2025-04-10T23:47:52.959+0000] {dag.py:3239} INFO - Sync 1 DAGs
[2025-04-10T23:47:52.979+0000] {logging_mixin.py:190} INFO - [2025-04-10T23:47:52.979+0000] {dag.py:4180} INFO - Setting next_dagrun for dependencias to None, run_after=None
[2025-04-10T23:47:53.025+0000] {processor.py:208} INFO - Processing /opt/airflow/dags/3-dependencias.py took 0.109 seconds
[2025-04-10T23:48:23.752+0000] {processor.py:186} INFO - Started process (PID=2604) to work on /opt/airflow/dags/3-dependencias.py
[2025-04-10T23:48:23.753+0000] {processor.py:914} INFO - Processing file /opt/airflow/dags/3-dependencias.py for tasks to queue
[2025-04-10T23:48:23.755+0000] {logging_mixin.py:190} INFO - [2025-04-10T23:48:23.754+0000] {dagbag.py:588} INFO - Filling up the DagBag from /opt/airflow/dags/3-dependencias.py
[2025-04-10T23:48:23.770+0000] {processor.py:925} INFO - DAG(s) 'dependencias' retrieved from /opt/airflow/dags/3-dependencias.py
[2025-04-10T23:48:23.793+0000] {logging_mixin.py:190} INFO - [2025-04-10T23:48:23.792+0000] {dag.py:3239} INFO - Sync 1 DAGs
[2025-04-10T23:48:23.814+0000] {logging_mixin.py:190} INFO - [2025-04-10T23:48:23.814+0000] {dag.py:4180} INFO - Setting next_dagrun for dependencias to None, run_after=None
[2025-04-10T23:48:23.980+0000] {processor.py:208} INFO - Processing /opt/airflow/dags/3-dependencias.py took 0.234 seconds
[2025-04-10T23:48:54.237+0000] {processor.py:186} INFO - Started process (PID=2614) to work on /opt/airflow/dags/3-dependencias.py
[2025-04-10T23:48:54.239+0000] {processor.py:914} INFO - Processing file /opt/airflow/dags/3-dependencias.py for tasks to queue
[2025-04-10T23:48:54.240+0000] {logging_mixin.py:190} INFO - [2025-04-10T23:48:54.240+0000] {dagbag.py:588} INFO - Filling up the DagBag from /opt/airflow/dags/3-dependencias.py
[2025-04-10T23:48:54.264+0000] {processor.py:925} INFO - DAG(s) 'dependencias' retrieved from /opt/airflow/dags/3-dependencias.py
[2025-04-10T23:48:54.290+0000] {logging_mixin.py:190} INFO - [2025-04-10T23:48:54.290+0000] {dag.py:3239} INFO - Sync 1 DAGs
[2025-04-10T23:48:54.432+0000] {logging_mixin.py:190} INFO - [2025-04-10T23:48:54.432+0000] {dag.py:4180} INFO - Setting next_dagrun for dependencias to None, run_after=None
[2025-04-10T23:48:54.480+0000] {processor.py:208} INFO - Processing /opt/airflow/dags/3-dependencias.py took 0.249 seconds
[2025-04-10T23:49:25.496+0000] {processor.py:186} INFO - Started process (PID=2624) to work on /opt/airflow/dags/3-dependencias.py
[2025-04-10T23:49:25.497+0000] {processor.py:914} INFO - Processing file /opt/airflow/dags/3-dependencias.py for tasks to queue
[2025-04-10T23:49:25.499+0000] {logging_mixin.py:190} INFO - [2025-04-10T23:49:25.498+0000] {dagbag.py:588} INFO - Filling up the DagBag from /opt/airflow/dags/3-dependencias.py
[2025-04-10T23:49:25.515+0000] {processor.py:925} INFO - DAG(s) 'dependencias' retrieved from /opt/airflow/dags/3-dependencias.py
[2025-04-10T23:49:25.537+0000] {logging_mixin.py:190} INFO - [2025-04-10T23:49:25.537+0000] {dag.py:3239} INFO - Sync 1 DAGs
[2025-04-10T23:49:25.679+0000] {logging_mixin.py:190} INFO - [2025-04-10T23:49:25.678+0000] {dag.py:4180} INFO - Setting next_dagrun for dependencias to None, run_after=None
[2025-04-10T23:49:25.719+0000] {processor.py:208} INFO - Processing /opt/airflow/dags/3-dependencias.py took 0.230 seconds
[2025-04-10T23:49:56.424+0000] {processor.py:186} INFO - Started process (PID=2634) to work on /opt/airflow/dags/3-dependencias.py
[2025-04-10T23:49:56.425+0000] {processor.py:914} INFO - Processing file /opt/airflow/dags/3-dependencias.py for tasks to queue
[2025-04-10T23:49:56.426+0000] {logging_mixin.py:190} INFO - [2025-04-10T23:49:56.426+0000] {dagbag.py:588} INFO - Filling up the DagBag from /opt/airflow/dags/3-dependencias.py
[2025-04-10T23:49:56.441+0000] {processor.py:925} INFO - DAG(s) 'dependencias' retrieved from /opt/airflow/dags/3-dependencias.py
[2025-04-10T23:49:56.465+0000] {logging_mixin.py:190} INFO - [2025-04-10T23:49:56.465+0000] {dag.py:3239} INFO - Sync 1 DAGs
[2025-04-10T23:49:56.485+0000] {logging_mixin.py:190} INFO - [2025-04-10T23:49:56.485+0000] {dag.py:4180} INFO - Setting next_dagrun for dependencias to None, run_after=None
[2025-04-10T23:49:56.528+0000] {processor.py:208} INFO - Processing /opt/airflow/dags/3-dependencias.py took 0.111 seconds
[2025-04-10T23:50:26.833+0000] {processor.py:186} INFO - Started process (PID=2644) to work on /opt/airflow/dags/3-dependencias.py
[2025-04-10T23:50:26.835+0000] {processor.py:914} INFO - Processing file /opt/airflow/dags/3-dependencias.py for tasks to queue
[2025-04-10T23:50:26.837+0000] {logging_mixin.py:190} INFO - [2025-04-10T23:50:26.836+0000] {dagbag.py:588} INFO - Filling up the DagBag from /opt/airflow/dags/3-dependencias.py
[2025-04-10T23:50:26.854+0000] {processor.py:925} INFO - DAG(s) 'dependencias' retrieved from /opt/airflow/dags/3-dependencias.py
[2025-04-10T23:50:26.878+0000] {logging_mixin.py:190} INFO - [2025-04-10T23:50:26.877+0000] {dag.py:3239} INFO - Sync 1 DAGs
[2025-04-10T23:50:26.900+0000] {logging_mixin.py:190} INFO - [2025-04-10T23:50:26.900+0000] {dag.py:4180} INFO - Setting next_dagrun for dependencias to None, run_after=None
[2025-04-10T23:50:26.951+0000] {processor.py:208} INFO - Processing /opt/airflow/dags/3-dependencias.py took 0.123 seconds
[2025-04-10T23:50:57.683+0000] {processor.py:186} INFO - Started process (PID=2654) to work on /opt/airflow/dags/3-dependencias.py
[2025-04-10T23:50:57.684+0000] {processor.py:914} INFO - Processing file /opt/airflow/dags/3-dependencias.py for tasks to queue
[2025-04-10T23:50:57.686+0000] {logging_mixin.py:190} INFO - [2025-04-10T23:50:57.685+0000] {dagbag.py:588} INFO - Filling up the DagBag from /opt/airflow/dags/3-dependencias.py
[2025-04-10T23:50:57.704+0000] {processor.py:925} INFO - DAG(s) 'dependencias' retrieved from /opt/airflow/dags/3-dependencias.py
[2025-04-10T23:50:57.733+0000] {logging_mixin.py:190} INFO - [2025-04-10T23:50:57.733+0000] {dag.py:3239} INFO - Sync 1 DAGs
[2025-04-10T23:50:57.757+0000] {logging_mixin.py:190} INFO - [2025-04-10T23:50:57.757+0000] {dag.py:4180} INFO - Setting next_dagrun for dependencias to None, run_after=None
[2025-04-10T23:50:57.930+0000] {processor.py:208} INFO - Processing /opt/airflow/dags/3-dependencias.py took 0.253 seconds
[2025-04-10T23:51:28.298+0000] {processor.py:186} INFO - Started process (PID=2664) to work on /opt/airflow/dags/3-dependencias.py
[2025-04-10T23:51:28.300+0000] {processor.py:914} INFO - Processing file /opt/airflow/dags/3-dependencias.py for tasks to queue
[2025-04-10T23:51:28.302+0000] {logging_mixin.py:190} INFO - [2025-04-10T23:51:28.301+0000] {dagbag.py:588} INFO - Filling up the DagBag from /opt/airflow/dags/3-dependencias.py
[2025-04-10T23:51:28.319+0000] {processor.py:925} INFO - DAG(s) 'dependencias' retrieved from /opt/airflow/dags/3-dependencias.py
[2025-04-10T23:51:28.346+0000] {logging_mixin.py:190} INFO - [2025-04-10T23:51:28.345+0000] {dag.py:3239} INFO - Sync 1 DAGs
[2025-04-10T23:51:28.508+0000] {logging_mixin.py:190} INFO - [2025-04-10T23:51:28.507+0000] {dag.py:4180} INFO - Setting next_dagrun for dependencias to None, run_after=None
[2025-04-10T23:51:28.559+0000] {processor.py:208} INFO - Processing /opt/airflow/dags/3-dependencias.py took 0.267 seconds
[2025-04-10T23:51:59.426+0000] {processor.py:186} INFO - Started process (PID=2674) to work on /opt/airflow/dags/3-dependencias.py
[2025-04-10T23:51:59.433+0000] {processor.py:914} INFO - Processing file /opt/airflow/dags/3-dependencias.py for tasks to queue
[2025-04-10T23:51:59.434+0000] {logging_mixin.py:190} INFO - [2025-04-10T23:51:59.434+0000] {dagbag.py:588} INFO - Filling up the DagBag from /opt/airflow/dags/3-dependencias.py
[2025-04-10T23:51:59.458+0000] {processor.py:925} INFO - DAG(s) 'dependencias' retrieved from /opt/airflow/dags/3-dependencias.py
[2025-04-10T23:51:59.500+0000] {logging_mixin.py:190} INFO - [2025-04-10T23:51:59.500+0000] {dag.py:3239} INFO - Sync 1 DAGs
[2025-04-10T23:51:59.662+0000] {logging_mixin.py:190} INFO - [2025-04-10T23:51:59.662+0000] {dag.py:4180} INFO - Setting next_dagrun for dependencias to None, run_after=None
[2025-04-10T23:51:59.683+0000] {processor.py:208} INFO - Processing /opt/airflow/dags/3-dependencias.py took 0.264 seconds
[2025-04-10T23:52:30.107+0000] {processor.py:186} INFO - Started process (PID=2684) to work on /opt/airflow/dags/3-dependencias.py
[2025-04-10T23:52:30.108+0000] {processor.py:914} INFO - Processing file /opt/airflow/dags/3-dependencias.py for tasks to queue
[2025-04-10T23:52:30.109+0000] {logging_mixin.py:190} INFO - [2025-04-10T23:52:30.109+0000] {dagbag.py:588} INFO - Filling up the DagBag from /opt/airflow/dags/3-dependencias.py
[2025-04-10T23:52:30.125+0000] {processor.py:925} INFO - DAG(s) 'dependencias' retrieved from /opt/airflow/dags/3-dependencias.py
[2025-04-10T23:52:30.278+0000] {logging_mixin.py:190} INFO - [2025-04-10T23:52:30.278+0000] {dag.py:3239} INFO - Sync 1 DAGs
[2025-04-10T23:52:30.294+0000] {logging_mixin.py:190} INFO - [2025-04-10T23:52:30.294+0000] {dag.py:4180} INFO - Setting next_dagrun for dependencias to None, run_after=None
[2025-04-10T23:52:30.343+0000] {processor.py:208} INFO - Processing /opt/airflow/dags/3-dependencias.py took 0.241 seconds
[2025-04-10T23:53:00.762+0000] {processor.py:186} INFO - Started process (PID=2694) to work on /opt/airflow/dags/3-dependencias.py
[2025-04-10T23:53:00.763+0000] {processor.py:914} INFO - Processing file /opt/airflow/dags/3-dependencias.py for tasks to queue
[2025-04-10T23:53:00.764+0000] {logging_mixin.py:190} INFO - [2025-04-10T23:53:00.764+0000] {dagbag.py:588} INFO - Filling up the DagBag from /opt/airflow/dags/3-dependencias.py
[2025-04-10T23:53:00.782+0000] {processor.py:925} INFO - DAG(s) 'dependencias' retrieved from /opt/airflow/dags/3-dependencias.py
[2025-04-10T23:53:00.806+0000] {logging_mixin.py:190} INFO - [2025-04-10T23:53:00.805+0000] {dag.py:3239} INFO - Sync 1 DAGs
[2025-04-10T23:53:00.825+0000] {logging_mixin.py:190} INFO - [2025-04-10T23:53:00.825+0000] {dag.py:4180} INFO - Setting next_dagrun for dependencias to None, run_after=None
[2025-04-10T23:53:00.877+0000] {processor.py:208} INFO - Processing /opt/airflow/dags/3-dependencias.py took 0.122 seconds
[2025-04-10T23:53:30.976+0000] {processor.py:186} INFO - Started process (PID=2705) to work on /opt/airflow/dags/3-dependencias.py
[2025-04-10T23:53:30.982+0000] {processor.py:914} INFO - Processing file /opt/airflow/dags/3-dependencias.py for tasks to queue
[2025-04-10T23:53:30.985+0000] {logging_mixin.py:190} INFO - [2025-04-10T23:53:30.985+0000] {dagbag.py:588} INFO - Filling up the DagBag from /opt/airflow/dags/3-dependencias.py
[2025-04-10T23:53:31.011+0000] {processor.py:925} INFO - DAG(s) 'dependencias' retrieved from /opt/airflow/dags/3-dependencias.py
[2025-04-10T23:53:31.038+0000] {logging_mixin.py:190} INFO - [2025-04-10T23:53:31.038+0000] {dag.py:3239} INFO - Sync 1 DAGs
[2025-04-10T23:53:31.062+0000] {logging_mixin.py:190} INFO - [2025-04-10T23:53:31.062+0000] {dag.py:4180} INFO - Setting next_dagrun for dependencias to None, run_after=None
[2025-04-10T23:53:31.117+0000] {processor.py:208} INFO - Processing /opt/airflow/dags/3-dependencias.py took 0.149 seconds
[2025-04-10T23:54:01.494+0000] {processor.py:186} INFO - Started process (PID=2715) to work on /opt/airflow/dags/3-dependencias.py
[2025-04-10T23:54:01.499+0000] {processor.py:914} INFO - Processing file /opt/airflow/dags/3-dependencias.py for tasks to queue
[2025-04-10T23:54:01.501+0000] {logging_mixin.py:190} INFO - [2025-04-10T23:54:01.500+0000] {dagbag.py:588} INFO - Filling up the DagBag from /opt/airflow/dags/3-dependencias.py
[2025-04-10T23:54:01.532+0000] {processor.py:925} INFO - DAG(s) 'dependencias' retrieved from /opt/airflow/dags/3-dependencias.py
[2025-04-10T23:54:01.557+0000] {logging_mixin.py:190} INFO - [2025-04-10T23:54:01.557+0000] {dag.py:3239} INFO - Sync 1 DAGs
[2025-04-10T23:54:01.581+0000] {logging_mixin.py:190} INFO - [2025-04-10T23:54:01.580+0000] {dag.py:4180} INFO - Setting next_dagrun for dependencias to None, run_after=None
[2025-04-10T23:54:01.637+0000] {processor.py:208} INFO - Processing /opt/airflow/dags/3-dependencias.py took 0.151 seconds
[2025-04-10T23:54:32.889+0000] {processor.py:186} INFO - Started process (PID=2726) to work on /opt/airflow/dags/3-dependencias.py
[2025-04-10T23:54:32.892+0000] {processor.py:914} INFO - Processing file /opt/airflow/dags/3-dependencias.py for tasks to queue
[2025-04-10T23:54:32.895+0000] {logging_mixin.py:190} INFO - [2025-04-10T23:54:32.894+0000] {dagbag.py:588} INFO - Filling up the DagBag from /opt/airflow/dags/3-dependencias.py
[2025-04-10T23:54:32.934+0000] {processor.py:925} INFO - DAG(s) 'dependencias' retrieved from /opt/airflow/dags/3-dependencias.py
[2025-04-10T23:54:32.963+0000] {logging_mixin.py:190} INFO - [2025-04-10T23:54:32.963+0000] {dag.py:3239} INFO - Sync 1 DAGs
[2025-04-10T23:54:32.984+0000] {logging_mixin.py:190} INFO - [2025-04-10T23:54:32.984+0000] {dag.py:4180} INFO - Setting next_dagrun for dependencias to None, run_after=None
[2025-04-10T23:54:33.006+0000] {processor.py:208} INFO - Processing /opt/airflow/dags/3-dependencias.py took 0.132 seconds
[2025-04-10T23:55:03.370+0000] {processor.py:186} INFO - Started process (PID=2736) to work on /opt/airflow/dags/3-dependencias.py
[2025-04-10T23:55:03.373+0000] {processor.py:914} INFO - Processing file /opt/airflow/dags/3-dependencias.py for tasks to queue
[2025-04-10T23:55:03.376+0000] {logging_mixin.py:190} INFO - [2025-04-10T23:55:03.375+0000] {dagbag.py:588} INFO - Filling up the DagBag from /opt/airflow/dags/3-dependencias.py
[2025-04-10T23:55:03.407+0000] {processor.py:925} INFO - DAG(s) 'dependencias' retrieved from /opt/airflow/dags/3-dependencias.py
[2025-04-10T23:55:03.432+0000] {logging_mixin.py:190} INFO - [2025-04-10T23:55:03.432+0000] {dag.py:3239} INFO - Sync 1 DAGs
[2025-04-10T23:55:03.455+0000] {logging_mixin.py:190} INFO - [2025-04-10T23:55:03.454+0000] {dag.py:4180} INFO - Setting next_dagrun for dependencias to None, run_after=None
[2025-04-10T23:55:03.513+0000] {processor.py:208} INFO - Processing /opt/airflow/dags/3-dependencias.py took 0.148 seconds
[2025-04-10T23:55:34.135+0000] {processor.py:186} INFO - Started process (PID=2746) to work on /opt/airflow/dags/3-dependencias.py
[2025-04-10T23:55:34.137+0000] {processor.py:914} INFO - Processing file /opt/airflow/dags/3-dependencias.py for tasks to queue
[2025-04-10T23:55:34.138+0000] {logging_mixin.py:190} INFO - [2025-04-10T23:55:34.138+0000] {dagbag.py:588} INFO - Filling up the DagBag from /opt/airflow/dags/3-dependencias.py
[2025-04-10T23:55:34.153+0000] {processor.py:925} INFO - DAG(s) 'dependencias' retrieved from /opt/airflow/dags/3-dependencias.py
[2025-04-10T23:55:34.177+0000] {logging_mixin.py:190} INFO - [2025-04-10T23:55:34.177+0000] {dag.py:3239} INFO - Sync 1 DAGs
[2025-04-10T23:55:34.199+0000] {logging_mixin.py:190} INFO - [2025-04-10T23:55:34.199+0000] {dag.py:4180} INFO - Setting next_dagrun for dependencias to None, run_after=None
[2025-04-10T23:55:34.236+0000] {processor.py:208} INFO - Processing /opt/airflow/dags/3-dependencias.py took 0.107 seconds
[2025-04-10T23:56:05.413+0000] {processor.py:186} INFO - Started process (PID=2756) to work on /opt/airflow/dags/3-dependencias.py
[2025-04-10T23:56:05.415+0000] {processor.py:914} INFO - Processing file /opt/airflow/dags/3-dependencias.py for tasks to queue
[2025-04-10T23:56:05.416+0000] {logging_mixin.py:190} INFO - [2025-04-10T23:56:05.416+0000] {dagbag.py:588} INFO - Filling up the DagBag from /opt/airflow/dags/3-dependencias.py
[2025-04-10T23:56:05.442+0000] {processor.py:925} INFO - DAG(s) 'dependencias' retrieved from /opt/airflow/dags/3-dependencias.py
[2025-04-10T23:56:05.465+0000] {logging_mixin.py:190} INFO - [2025-04-10T23:56:05.465+0000] {dag.py:3239} INFO - Sync 1 DAGs
[2025-04-10T23:56:05.487+0000] {logging_mixin.py:190} INFO - [2025-04-10T23:56:05.486+0000] {dag.py:4180} INFO - Setting next_dagrun for dependencias to None, run_after=None
[2025-04-10T23:56:05.506+0000] {processor.py:208} INFO - Processing /opt/airflow/dags/3-dependencias.py took 0.098 seconds
[2025-04-10T23:56:36.009+0000] {processor.py:186} INFO - Started process (PID=2766) to work on /opt/airflow/dags/3-dependencias.py
[2025-04-10T23:56:36.011+0000] {processor.py:914} INFO - Processing file /opt/airflow/dags/3-dependencias.py for tasks to queue
[2025-04-10T23:56:36.013+0000] {logging_mixin.py:190} INFO - [2025-04-10T23:56:36.012+0000] {dagbag.py:588} INFO - Filling up the DagBag from /opt/airflow/dags/3-dependencias.py
[2025-04-10T23:56:36.034+0000] {processor.py:925} INFO - DAG(s) 'dependencias' retrieved from /opt/airflow/dags/3-dependencias.py
[2025-04-10T23:56:36.057+0000] {logging_mixin.py:190} INFO - [2025-04-10T23:56:36.056+0000] {dag.py:3239} INFO - Sync 1 DAGs
[2025-04-10T23:56:36.078+0000] {logging_mixin.py:190} INFO - [2025-04-10T23:56:36.078+0000] {dag.py:4180} INFO - Setting next_dagrun for dependencias to None, run_after=None
[2025-04-10T23:56:36.140+0000] {processor.py:208} INFO - Processing /opt/airflow/dags/3-dependencias.py took 0.136 seconds
[2025-04-10T23:57:06.362+0000] {processor.py:186} INFO - Started process (PID=2776) to work on /opt/airflow/dags/3-dependencias.py
[2025-04-10T23:57:06.363+0000] {processor.py:914} INFO - Processing file /opt/airflow/dags/3-dependencias.py for tasks to queue
[2025-04-10T23:57:06.364+0000] {logging_mixin.py:190} INFO - [2025-04-10T23:57:06.364+0000] {dagbag.py:588} INFO - Filling up the DagBag from /opt/airflow/dags/3-dependencias.py
[2025-04-10T23:57:06.377+0000] {processor.py:925} INFO - DAG(s) 'dependencias' retrieved from /opt/airflow/dags/3-dependencias.py
[2025-04-10T23:57:06.399+0000] {logging_mixin.py:190} INFO - [2025-04-10T23:57:06.399+0000] {dag.py:3239} INFO - Sync 1 DAGs
[2025-04-10T23:57:06.422+0000] {logging_mixin.py:190} INFO - [2025-04-10T23:57:06.421+0000] {dag.py:4180} INFO - Setting next_dagrun for dependencias to None, run_after=None
[2025-04-10T23:57:06.464+0000] {processor.py:208} INFO - Processing /opt/airflow/dags/3-dependencias.py took 0.107 seconds
[2025-04-10T23:57:36.812+0000] {processor.py:186} INFO - Started process (PID=2786) to work on /opt/airflow/dags/3-dependencias.py
[2025-04-10T23:57:36.814+0000] {processor.py:914} INFO - Processing file /opt/airflow/dags/3-dependencias.py for tasks to queue
[2025-04-10T23:57:36.817+0000] {logging_mixin.py:190} INFO - [2025-04-10T23:57:36.816+0000] {dagbag.py:588} INFO - Filling up the DagBag from /opt/airflow/dags/3-dependencias.py
[2025-04-10T23:57:36.839+0000] {processor.py:925} INFO - DAG(s) 'dependencias' retrieved from /opt/airflow/dags/3-dependencias.py
[2025-04-10T23:57:36.863+0000] {logging_mixin.py:190} INFO - [2025-04-10T23:57:36.863+0000] {dag.py:3239} INFO - Sync 1 DAGs
[2025-04-10T23:57:36.886+0000] {logging_mixin.py:190} INFO - [2025-04-10T23:57:36.886+0000] {dag.py:4180} INFO - Setting next_dagrun for dependencias to None, run_after=None
[2025-04-10T23:57:36.906+0000] {processor.py:208} INFO - Processing /opt/airflow/dags/3-dependencias.py took 0.099 seconds
[2025-04-10T23:58:07.039+0000] {processor.py:186} INFO - Started process (PID=2796) to work on /opt/airflow/dags/3-dependencias.py
[2025-04-10T23:58:07.040+0000] {processor.py:914} INFO - Processing file /opt/airflow/dags/3-dependencias.py for tasks to queue
[2025-04-10T23:58:07.042+0000] {logging_mixin.py:190} INFO - [2025-04-10T23:58:07.041+0000] {dagbag.py:588} INFO - Filling up the DagBag from /opt/airflow/dags/3-dependencias.py
[2025-04-10T23:58:07.061+0000] {processor.py:925} INFO - DAG(s) 'dependencias' retrieved from /opt/airflow/dags/3-dependencias.py
[2025-04-10T23:58:07.084+0000] {logging_mixin.py:190} INFO - [2025-04-10T23:58:07.084+0000] {dag.py:3239} INFO - Sync 1 DAGs
[2025-04-10T23:58:07.106+0000] {logging_mixin.py:190} INFO - [2025-04-10T23:58:07.106+0000] {dag.py:4180} INFO - Setting next_dagrun for dependencias to None, run_after=None
[2025-04-10T23:58:07.125+0000] {processor.py:208} INFO - Processing /opt/airflow/dags/3-dependencias.py took 0.092 seconds
[2025-04-10T23:58:37.460+0000] {processor.py:186} INFO - Started process (PID=2807) to work on /opt/airflow/dags/3-dependencias.py
[2025-04-10T23:58:37.466+0000] {processor.py:914} INFO - Processing file /opt/airflow/dags/3-dependencias.py for tasks to queue
[2025-04-10T23:58:37.468+0000] {logging_mixin.py:190} INFO - [2025-04-10T23:58:37.468+0000] {dagbag.py:588} INFO - Filling up the DagBag from /opt/airflow/dags/3-dependencias.py
[2025-04-10T23:58:37.484+0000] {processor.py:925} INFO - DAG(s) 'dependencias' retrieved from /opt/airflow/dags/3-dependencias.py
[2025-04-10T23:58:37.508+0000] {logging_mixin.py:190} INFO - [2025-04-10T23:58:37.507+0000] {dag.py:3239} INFO - Sync 1 DAGs
[2025-04-10T23:58:37.528+0000] {logging_mixin.py:190} INFO - [2025-04-10T23:58:37.528+0000] {dag.py:4180} INFO - Setting next_dagrun for dependencias to None, run_after=None
[2025-04-10T23:58:37.546+0000] {processor.py:208} INFO - Processing /opt/airflow/dags/3-dependencias.py took 0.092 seconds
[2025-04-10T23:59:08.159+0000] {processor.py:186} INFO - Started process (PID=2817) to work on /opt/airflow/dags/3-dependencias.py
[2025-04-10T23:59:08.160+0000] {processor.py:914} INFO - Processing file /opt/airflow/dags/3-dependencias.py for tasks to queue
[2025-04-10T23:59:08.162+0000] {logging_mixin.py:190} INFO - [2025-04-10T23:59:08.161+0000] {dagbag.py:588} INFO - Filling up the DagBag from /opt/airflow/dags/3-dependencias.py
[2025-04-10T23:59:08.179+0000] {processor.py:925} INFO - DAG(s) 'dependencias' retrieved from /opt/airflow/dags/3-dependencias.py
[2025-04-10T23:59:08.202+0000] {logging_mixin.py:190} INFO - [2025-04-10T23:59:08.202+0000] {dag.py:3239} INFO - Sync 1 DAGs
[2025-04-10T23:59:08.226+0000] {logging_mixin.py:190} INFO - [2025-04-10T23:59:08.225+0000] {dag.py:4180} INFO - Setting next_dagrun for dependencias to None, run_after=None
[2025-04-10T23:59:08.248+0000] {processor.py:208} INFO - Processing /opt/airflow/dags/3-dependencias.py took 0.094 seconds
[2025-04-10T23:59:38.383+0000] {processor.py:186} INFO - Started process (PID=2827) to work on /opt/airflow/dags/3-dependencias.py
[2025-04-10T23:59:38.384+0000] {processor.py:914} INFO - Processing file /opt/airflow/dags/3-dependencias.py for tasks to queue
[2025-04-10T23:59:38.385+0000] {logging_mixin.py:190} INFO - [2025-04-10T23:59:38.385+0000] {dagbag.py:588} INFO - Filling up the DagBag from /opt/airflow/dags/3-dependencias.py
[2025-04-10T23:59:38.397+0000] {processor.py:925} INFO - DAG(s) 'dependencias' retrieved from /opt/airflow/dags/3-dependencias.py
[2025-04-10T23:59:38.420+0000] {logging_mixin.py:190} INFO - [2025-04-10T23:59:38.420+0000] {dag.py:3239} INFO - Sync 1 DAGs
[2025-04-10T23:59:38.440+0000] {logging_mixin.py:190} INFO - [2025-04-10T23:59:38.440+0000] {dag.py:4180} INFO - Setting next_dagrun for dependencias to None, run_after=None
[2025-04-10T23:59:38.461+0000] {processor.py:208} INFO - Processing /opt/airflow/dags/3-dependencias.py took 0.083 seconds
